[
  {
    "Plan": {
      "Node Type": "Sort",
      "Parallel Aware": false,
      "Async Capable": false,
      "Startup Cost": 12294.91,
      "Total Cost": 12294.98,
      "Plan Rows": 31,
      "Plan Width": 168,
      "Actual Startup Time": 130.135,
      "Actual Total Time": 130.172,
      "Actual Rows": 169,
      "Actual Loops": 1,
      "Sort Key": ["dependency_hierarchy.dependency_chain"],
      "Sort Method": "quicksort",
      "Sort Space Used": 73,
      "Sort Space Type": "Memory",
      "Shared Hit Blocks": 1990,
      "Shared Read Blocks": 0,
      "Shared Dirtied Blocks": 0,
      "Shared Written Blocks": 0,
      "Local Hit Blocks": 0,
      "Local Read Blocks": 0,
      "Local Dirtied Blocks": 0,
      "Local Written Blocks": 0,
      "Temp Read Blocks": 0,
      "Temp Written Blocks": 0,
      "Plans": [
        {
          "Node Type": "Result",
          "Parent Relationship": "InitPlan",
          "Subplan Name": "CTE preference",
          "Parallel Aware": false,
          "Async Capable": false,
          "Startup Cost": 0.00,
          "Total Cost": 0.01,
          "Plan Rows": 1,
          "Plan Width": 104,
          "Actual Startup Time": 0.003,
          "Actual Total Time": 0.004,
          "Actual Rows": 1,
          "Actual Loops": 1,
          "Shared Hit Blocks": 0,
          "Shared Read Blocks": 0,
          "Shared Dirtied Blocks": 0,
          "Shared Written Blocks": 0,
          "Local Hit Blocks": 0,
          "Local Read Blocks": 0,
          "Local Dirtied Blocks": 0,
          "Local Written Blocks": 0,
          "Temp Read Blocks": 0,
          "Temp Written Blocks": 0
        },
        {
          "Node Type": "Aggregate",
          "Strategy": "Sorted",
          "Partial Mode": "Simple",
          "Parent Relationship": "InitPlan",
          "Subplan Name": "CTE dependency_pair",
          "Parallel Aware": false,
          "Async Capable": false,
          "Startup Cost": 339.34,
          "Total Cost": 12241.97,
          "Plan Rows": 156,
          "Plan Width": 369,
          "Actual Startup Time": 80.404,
          "Actual Total Time": 125.144,
          "Actual Rows": 127,
          "Actual Loops": 1,
          "Group Key": ["dep.classid", "dep.objid", "dep.refclassid", "dep.refobjid", "dep.deptype", "rel.object_name", "rel.object_type", "rrel.object_name", "rrel.object_type"],
          "Shared Hit Blocks": 1979,
          "Shared Read Blocks": 0,
          "Shared Dirtied Blocks": 0,
          "Shared Written Blocks": 0,
          "Local Hit Blocks": 0,
          "Local Read Blocks": 0,
          "Local Dirtied Blocks": 0,
          "Local Written Blocks": 0,
          "Temp Read Blocks": 0,
          "Temp Written Blocks": 0,
          "Plans": [
            {
              "Node Type": "Seq Scan",
              "Parent Relationship": "InitPlan",
              "Subplan Name": "CTE relation_object",
              "Parallel Aware": false,
              "Async Capable": false,
              "Relation Name": "pg_class",
              "Alias": "pg_class",
              "Startup Cost": 0.00,
              "Total Cost": 28.89,
              "Plan Rows": 454,
              "Plan Width": 68,
              "Actual Startup Time": 0.109,
              "Actual Total Time": 2.811,
              "Actual Rows": 454,
              "Actual Loops": 1,
              "Shared Hit Blocks": 1394,
              "Shared Read Blocks": 0,
              "Shared Dirtied Blocks": 0,
              "Shared Written Blocks": 0,
              "Local Hit Blocks": 0,
              "Local Read Blocks": 0,
              "Local Dirtied Blocks": 0,
              "Local Written Blocks": 0,
              "Temp Read Blocks": 0,
              "Temp Written Blocks": 0
            },
            {
              "Node Type": "Sort",
              "Parent Relationship": "Outer",
              "Parallel Aware": false,
              "Async Capable": false,
              "Startup Cost": 310.45,
              "Total Cost": 310.84,
              "Plan Rows": 156,
              "Plan Width": 153,
              "Actual Startup Time": 80.234,
              "Actual Total Time": 80.260,
              "Actual Rows": 130,
              "Actual Loops": 1,
              "Sort Key": ["dep.classid", "dep.objid", "dep.refclassid", "dep.refobjid", "dep.deptype", "rel.object_name", "rel.object_type", "rrel.object_name", "rrel.object_type"],
              "Sort Method": "quicksort",
              "Sort Space Used": 39,
              "Sort Space Type": "Memory",
              "Shared Hit Blocks": 1579,
              "Shared Read Blocks": 0,
              "Shared Dirtied Blocks": 0,
              "Shared Written Blocks": 0,
              "Local Hit Blocks": 0,
              "Local Read Blocks": 0,
              "Local Dirtied Blocks": 0,
              "Local Written Blocks": 0,
              "Temp Read Blocks": 0,
              "Temp Written Blocks": 0,
              "Plans": [
                {
                  "Node Type": "Hash Join",
                  "Parent Relationship": "Outer",
                  "Parallel Aware": false,
                  "Async Capable": false,
                  "Join Type": "Left",
                  "Startup Cost": 29.51,
                  "Total Cost": 304.76,
                  "Plan Rows": 156,
                  "Plan Width": 153,
                  "Actual Startup Time": 19.994,
                  "Actual Total Time": 79.702,
                  "Actual Rows": 130,
                  "Actual Loops": 1,
                  "Inner Unique": false,
                  "Hash Cond": "(dep.refobjid = rrel.oid)",
                  "Shared Hit Blocks": 1574,
                  "Shared Read Blocks": 0,
                  "Shared Dirtied Blocks": 0,
                  "Shared Written Blocks": 0,
                  "Local Hit Blocks": 0,
                  "Local Read Blocks": 0,
                  "Local Dirtied Blocks": 0,
                  "Local Written Blocks": 0,
                  "Temp Read Blocks": 0,
                  "Temp Written Blocks": 0,
                  "Plans": [
                    {
                      "Node Type": "Hash Join",
                      "Parent Relationship": "Outer",
                      "Parallel Aware": false,
                      "Async Capable": false,
                      "Join Type": "Left",
                      "Startup Cost": 14.76,
                      "Total Cost": 280.73,
                      "Plan Rows": 156,
                      "Plan Width": 89,
                      "Actual Startup Time": 19.787,
                      "Actual Total Time": 79.406,
                      "Actual Rows": 130,
                      "Actual Loops": 1,
                      "Inner Unique": false,
                      "Hash Cond": "(dep.objid = rel.oid)",
                      "Shared Hit Blocks": 1574,
                      "Shared Read Blocks": 0,
                      "Shared Dirtied Blocks": 0,
                      "Shared Written Blocks": 0,
                      "Local Hit Blocks": 0,
                      "Local Read Blocks": 0,
                      "Local Dirtied Blocks": 0,
                      "Local Written Blocks": 0,
                      "Temp Read Blocks": 0,
                      "Temp Written Blocks": 0,
                      "Plans": [
                        {
                          "Node Type": "Nested Loop",
                          "Parent Relationship": "Outer",
                          "Parallel Aware": false,
                          "Async Capable": false,
                          "Join Type": "Inner",
                          "Startup Cost": 0.00,
                          "Total Cost": 255.61,
                          "Plan Rows": 156,
                          "Plan Width": 25,
                          "Actual Startup Time": 16.464,
                          "Actual Total Time": 75.991,
                          "Actual Rows": 130,
                          "Actual Loops": 1,
                          "Inner Unique": false,
                          "Join Filter": "((dep.objid >= (preference.min_oid)::oid) AND ((dep.refobjid >= (preference.min_oid)::oid) OR (dep.refobjid = '2200'::oid)) AND (((dep.classid)::regclass)::text !~ preference.class_exclusion) AND (((dep.refclassid)::regclass)::text !~ preference.class_exclusion) AND (COALESCE(\"substring\"(((dep.objid)::regclass)::text, '^(\\w+)\\.'::text), ''::text) !~ preference.schema_exclusion) AND (COALESCE(\"substring\"(((dep.refobjid)::regclass)::text, '^(\\w+)\\.'::text), ''::text) !~ preference.schema_exclusion))",
                          "Rows Removed by Join Filter": 1398,
                          "Shared Hit Blocks": 180,
                          "Shared Read Blocks": 0,
                          "Shared Dirtied Blocks": 0,
                          "Shared Written Blocks": 0,
                          "Local Hit Blocks": 0,
                          "Local Read Blocks": 0,
                          "Local Dirtied Blocks": 0,
                          "Local Written Blocks": 0,
                          "Temp Read Blocks": 0,
                          "Temp Written Blocks": 0,
                          "Plans": [
                            {
                              "Node Type": "CTE Scan",
                              "Parent Relationship": "Outer",
                              "Parallel Aware": false,
                              "Async Capable": false,
                              "CTE Name": "preference",
                              "Alias": "preference",
                              "Startup Cost": 0.00,
                              "Total Cost": 0.02,
                              "Plan Rows": 1,
                              "Plan Width": 68,
                              "Actual Startup Time": 0.005,
                              "Actual Total Time": 0.007,
                              "Actual Rows": 1,
                              "Actual Loops": 1,
                              "Shared Hit Blocks": 0,
                              "Shared Read Blocks": 0,
                              "Shared Dirtied Blocks": 0,
                              "Shared Written Blocks": 0,
                              "Local Hit Blocks": 0,
                              "Local Read Blocks": 0,
                              "Local Dirtied Blocks": 0,
                              "Local Written Blocks": 0,
                              "Temp Read Blocks": 0,
                              "Temp Written Blocks": 0
                            },
                            {
                              "Node Type": "Seq Scan",
                              "Parent Relationship": "Inner",
                              "Parallel Aware": false,
                              "Async Capable": false,
                              "Relation Name": "pg_depend",
                              "Alias": "dep",
                              "Startup Cost": 0.00,
                              "Total Cost": 180.56,
                              "Plan Rows": 1429,
                              "Plan Width": 25,
                              "Actual Startup Time": 15.515,
                              "Actual Total Time": 16.496,
                              "Actual Rows": 1528,
                              "Actual Loops": 1,
                              "Filter": "(deptype = ANY ('{n,a}'::\"char\"[]))",
                              "Rows Removed by Filter": 7513,
                              "Shared Hit Blocks": 67,
                              "Shared Read Blocks": 0,
                              "Shared Dirtied Blocks": 0,
                              "Shared Written Blocks": 0,
                              "Local Hit Blocks": 0,
                              "Local Read Blocks": 0,
                              "Local Dirtied Blocks": 0,
                              "Local Written Blocks": 0,
                              "Temp Read Blocks": 0,
                              "Temp Written Blocks": 0
                            }
                          ]
                        },
                        {
                          "Node Type": "Hash",
                          "Parent Relationship": "Inner",
                          "Parallel Aware": false,
                          "Async Capable": false,
                          "Startup Cost": 9.08,
                          "Total Cost": 9.08,
                          "Plan Rows": 454,
                          "Plan Width": 68,
                          "Actual Startup Time": 3.269,
                          "Actual Total Time": 3.269,
                          "Actual Rows": 454,
                          "Actual Loops": 1,
                          "Hash Buckets": 1024,
                          "Original Hash Buckets": 1024,
                          "Hash Batches": 1,
                          "Original Hash Batches": 1,
                          "Peak Memory Usage": 39,
                          "Shared Hit Blocks": 1394,
                          "Shared Read Blocks": 0,
                          "Shared Dirtied Blocks": 0,
                          "Shared Written Blocks": 0,
                          "Local Hit Blocks": 0,
                          "Local Read Blocks": 0,
                          "Local Dirtied Blocks": 0,
                          "Local Written Blocks": 0,
                          "Temp Read Blocks": 0,
                          "Temp Written Blocks": 0,
                          "Plans": [
                            {
                              "Node Type": "CTE Scan",
                              "Parent Relationship": "Outer",
                              "Parallel Aware": false,
                              "Async Capable": false,
                              "CTE Name": "relation_object",
                              "Alias": "rel",
                              "Startup Cost": 0.00,
                              "Total Cost": 9.08,
                              "Plan Rows": 454,
                              "Plan Width": 68,
                              "Actual Startup Time": 0.114,
                              "Actual Total Time": 3.109,
                              "Actual Rows": 454,
                              "Actual Loops": 1,
                              "Shared Hit Blocks": 1394,
                              "Shared Read Blocks": 0,
                              "Shared Dirtied Blocks": 0,
                              "Shared Written Blocks": 0,
                              "Local Hit Blocks": 0,
                              "Local Read Blocks": 0,
                              "Local Dirtied Blocks": 0,
                              "Local Written Blocks": 0,
                              "Temp Read Blocks": 0,
                              "Temp Written Blocks": 0
                            }
                          ]
                        }
                      ]
                    },
                    {
                      "Node Type": "Hash",
                      "Parent Relationship": "Inner",
                      "Parallel Aware": false,
                      "Async Capable": false,
                      "Startup Cost": 9.08,
                      "Total Cost": 9.08,
                      "Plan Rows": 454,
                      "Plan Width": 68,
                      "Actual Startup Time": 0.198,
                      "Actual Total Time": 0.199,
                      "Actual Rows": 454,
                      "Actual Loops": 1,
                      "Hash Buckets": 1024,
                      "Original Hash Buckets": 1024,
                      "Hash Batches": 1,
                      "Original Hash Batches": 1,
                      "Peak Memory Usage": 39,
                      "Shared Hit Blocks": 0,
                      "Shared Read Blocks": 0,
                      "Shared Dirtied Blocks": 0,
                      "Shared Written Blocks": 0,
                      "Local Hit Blocks": 0,
                      "Local Read Blocks": 0,
                      "Local Dirtied Blocks": 0,
                      "Local Written Blocks": 0,
                      "Temp Read Blocks": 0,
                      "Temp Written Blocks": 0,
                      "Plans": [
                        {
                          "Node Type": "CTE Scan",
                          "Parent Relationship": "Outer",
                          "Parallel Aware": false,
                          "Async Capable": false,
                          "CTE Name": "relation_object",
                          "Alias": "rrel",
                          "Startup Cost": 0.00,
                          "Total Cost": 9.08,
                          "Plan Rows": 454,
                          "Plan Width": 68,
                          "Actual Startup Time": 0.001,
                          "Actual Total Time": 0.075,
                          "Actual Rows": 454,
                          "Actual Loops": 1,
                          "Shared Hit Blocks": 0,
                          "Shared Read Blocks": 0,
                          "Shared Dirtied Blocks": 0,
                          "Shared Written Blocks": 0,
                          "Local Hit Blocks": 0,
                          "Local Read Blocks": 0,
                          "Local Dirtied Blocks": 0,
                          "Local Written Blocks": 0,
                          "Temp Read Blocks": 0,
                          "Temp Written Blocks": 0
                        }
                      ]
                    }
                  ]
                }
              ]
            },
            {
              "Node Type": "Hash Join",
              "Parent Relationship": "SubPlan",
              "Subplan Name": "SubPlan 3",
              "Parallel Aware": false,
              "Async Capable": false,
              "Join Type": "Inner",
              "Startup Cost": 8.17,
              "Total Cost": 18.47,
              "Plan Rows": 2,
              "Plan Width": 32,
              "Actual Startup Time": 0.000,
              "Actual Total Time": 0.000,
              "Actual Rows": 0,
              "Actual Loops": 0,
              "Inner Unique": true,
              "Hash Cond": "(r.oid = e.ev_class)",
              "Shared Hit Blocks": 0,
              "Shared Read Blocks": 0,
              "Shared Dirtied Blocks": 0,
              "Shared Written Blocks": 0,
              "Local Hit Blocks": 0,
              "Local Read Blocks": 0,
              "Local Dirtied Blocks": 0,
              "Local Written Blocks": 0,
              "Temp Read Blocks": 0,
              "Temp Written Blocks": 0,
              "Plans": [
                {
                  "Node Type": "CTE Scan",
                  "Parent Relationship": "Outer",
                  "Parallel Aware": false,
                  "Async Capable": false,
                  "CTE Name": "relation_object",
                  "Alias": "r",
                  "Startup Cost": 0.00,
                  "Total Cost": 9.08,
                  "Plan Rows": 454,
                  "Plan Width": 36,
                  "Actual Startup Time": 0.000,
                  "Actual Total Time": 0.000,
                  "Actual Rows": 0,
                  "Actual Loops": 0,
                  "Shared Hit Blocks": 0,
                  "Shared Read Blocks": 0,
                  "Shared Dirtied Blocks": 0,
                  "Shared Written Blocks": 0,
                  "Local Hit Blocks": 0,
                  "Local Read Blocks": 0,
                  "Local Dirtied Blocks": 0,
                  "Local Written Blocks": 0,
                  "Temp Read Blocks": 0,
                  "Temp Written Blocks": 0
                },
                {
                  "Node Type": "Hash",
                  "Parent Relationship": "Inner",
                  "Parallel Aware": false,
                  "Async Capable": false,
                  "Startup Cost": 8.16,
                  "Total Cost": 8.16,
                  "Plan Rows": 1,
                  "Plan Width": 4,
                  "Actual Startup Time": 0.000,
                  "Actual Total Time": 0.000,
                  "Actual Rows": 0,
                  "Actual Loops": 0,
                  "Shared Hit Blocks": 0,
                  "Shared Read Blocks": 0,
                  "Shared Dirtied Blocks": 0,
                  "Shared Written Blocks": 0,
                  "Local Hit Blocks": 0,
                  "Local Read Blocks": 0,
                  "Local Dirtied Blocks": 0,
                  "Local Written Blocks": 0,
                  "Temp Read Blocks": 0,
                  "Temp Written Blocks": 0,
                  "Plans": [
                    {
                      "Node Type": "Index Scan",
                      "Parent Relationship": "Outer",
                      "Parallel Aware": false,
                      "Async Capable": false,
                      "Scan Direction": "Forward",
                      "Index Name": "pg_rewrite_oid_index",
                      "Relation Name": "pg_rewrite",
                      "Alias": "e",
                      "Startup Cost": 0.14,
                      "Total Cost": 8.16,
                      "Plan Rows": 1,
                      "Plan Width": 4,
                      "Actual Startup Time": 0.000,
                      "Actual Total Time": 0.000,
                      "Actual Rows": 0,
                      "Actual Loops": 0,
                      "Index Cond": "(oid = dep.objid)",
                      "Rows Removed by Index Recheck": 0,
                      "Shared Hit Blocks": 0,
                      "Shared Read Blocks": 0,
                      "Shared Dirtied Blocks": 0,
                      "Shared Written Blocks": 0,
                      "Local Hit Blocks": 0,
                      "Local Read Blocks": 0,
                      "Local Dirtied Blocks": 0,
                      "Local Written Blocks": 0,
                      "Temp Read Blocks": 0,
                      "Temp Written Blocks": 0
                    }
                  ]
                }
              ]
            },
            {
              "Node Type": "Nested Loop",
              "Parent Relationship": "SubPlan",
              "Subplan Name": "SubPlan 4",
              "Parallel Aware": false,
              "Async Capable": false,
              "Join Type": "Inner",
              "Startup Cost": 0.28,
              "Total Cost": 13.20,
              "Plan Rows": 1,
              "Plan Width": 64,
              "Actual Startup Time": 1.234,
              "Actual Total Time": 1.237,
              "Actual Rows": 1,
              "Actual Loops": 35,
              "Inner Unique": true,
              "Shared Hit Blocks": 175,
              "Shared Read Blocks": 0,
              "Shared Dirtied Blocks": 0,
              "Shared Written Blocks": 0,
              "Local Hit Blocks": 0,
              "Local Read Blocks": 0,
              "Local Dirtied Blocks": 0,
              "Local Written Blocks": 0,
              "Temp Read Blocks": 0,
              "Temp Written Blocks": 0,
              "Plans": [
                {
                  "Node Type": "Seq Scan",
                  "Parent Relationship": "Outer",
                  "Parallel Aware": false,
                  "Async Capable": false,
                  "Relation Name": "pg_attrdef",
                  "Alias": "d",
                  "Startup Cost": 0.00,
                  "Total Cost": 4.90,
                  "Plan Rows": 1,
                  "Plan Width": 6,
                  "Actual Startup Time": 1.148,
                  "Actual Total Time": 1.150,
                  "Actual Rows": 1,
                  "Actual Loops": 35,
                  "Filter": "(oid = dep.objid)",
                  "Rows Removed by Filter": 24,
                  "Shared Hit Blocks": 70,
                  "Shared Read Blocks": 0,
                  "Shared Dirtied Blocks": 0,
                  "Shared Written Blocks": 0,
                  "Local Hit Blocks": 0,
                  "Local Read Blocks": 0,
                  "Local Dirtied Blocks": 0,
                  "Local Written Blocks": 0,
                  "Temp Read Blocks": 0,
                  "Temp Written Blocks": 0
                },
                {
                  "Node Type": "Index Scan",
                  "Parent Relationship": "Inner",
                  "Parallel Aware": false,
                  "Async Capable": false,
                  "Scan Direction": "Forward",
                  "Index Name": "pg_attribute_relid_attnum_index",
                  "Relation Name": "pg_attribute",
                  "Alias": "c",
                  "Startup Cost": 0.28,
                  "Total Cost": 8.30,
                  "Plan Rows": 1,
                  "Plan Width": 70,
                  "Actual Startup Time": 0.083,
                  "Actual Total Time": 0.083,
                  "Actual Rows": 1,
                  "Actual Loops": 35,
                  "Index Cond": "((attrelid = d.adrelid) AND (attnum = d.adnum))",
                  "Rows Removed by Index Recheck": 0,
                  "Shared Hit Blocks": 105,
                  "Shared Read Blocks": 0,
                  "Shared Dirtied Blocks": 0,
                  "Shared Written Blocks": 0,
                  "Local Hit Blocks": 0,
                  "Local Read Blocks": 0,
                  "Local Dirtied Blocks": 0,
                  "Local Written Blocks": 0,
                  "Temp Read Blocks": 0,
                  "Temp Written Blocks": 0
                }
              ]
            },
            {
              "Node Type": "Seq Scan",
              "Parent Relationship": "SubPlan",
              "Subplan Name": "SubPlan 5",
              "Parallel Aware": false,
              "Async Capable": false,
              "Relation Name": "pg_cast",
              "Alias": "pg_cast",
              "Startup Cost": 0.00,
              "Total Cost": 4.89,
              "Plan Rows": 1,
              "Plan Width": 32,
              "Actual Startup Time": 0.000,
              "Actual Total Time": 0.000,
              "Actual Rows": 0,
              "Actual Loops": 0,
              "Filter": "(oid = dep.objid)",
              "Rows Removed by Filter": 0,
              "Shared Hit Blocks": 0,
              "Shared Read Blocks": 0,
              "Shared Dirtied Blocks": 0,
              "Shared Written Blocks": 0,
              "Local Hit Blocks": 0,
              "Local Read Blocks": 0,
              "Local Dirtied Blocks": 0,
              "Local Written Blocks": 0,
              "Temp Read Blocks": 0,
              "Temp Written Blocks": 0
            },
            {
              "Node Type": "Seq Scan",
              "Parent Relationship": "SubPlan",
              "Subplan Name": "SubPlan 6",
              "Parallel Aware": false,
              "Async Capable": false,
              "Relation Name": "pg_constraint",
              "Alias": "pg_constraint",
              "Startup Cost": 0.00,
              "Total Cost": 5.79,
              "Plan Rows": 1,
              "Plan Width": 64,
              "Actual Startup Time": 0.011,
              "Actual Total Time": 0.013,
              "Actual Rows": 1,
              "Actual Loops": 48,
              "Filter": "(oid = dep.objid)",
              "Rows Removed by Filter": 132,
              "Shared Hit Blocks": 192,
              "Shared Read Blocks": 0,
              "Shared Dirtied Blocks": 0,
              "Shared Written Blocks": 0,
              "Local Hit Blocks": 0,
              "Local Read Blocks": 0,
              "Local Dirtied Blocks": 0,
              "Local Written Blocks": 0,
              "Temp Read Blocks": 0,
              "Temp Written Blocks": 0
            },
            {
              "Node Type": "Seq Scan",
              "Parent Relationship": "SubPlan",
              "Subplan Name": "SubPlan 7",
              "Parallel Aware": false,
              "Async Capable": false,
              "Relation Name": "pg_extension",
              "Alias": "pg_extension",
              "Startup Cost": 0.00,
              "Total Cost": 1.01,
              "Plan Rows": 1,
              "Plan Width": 64,
              "Actual Startup Time": 0.000,
              "Actual Total Time": 0.000,
              "Actual Rows": 0,
              "Actual Loops": 0,
              "Filter": "(oid = dep.objid)",
              "Rows Removed by Filter": 0,
              "Shared Hit Blocks": 0,
              "Shared Read Blocks": 0,
              "Shared Dirtied Blocks": 0,
              "Shared Written Blocks": 0,
              "Local Hit Blocks": 0,
              "Local Read Blocks": 0,
              "Local Dirtied Blocks": 0,
              "Local Written Blocks": 0,
              "Temp Read Blocks": 0,
              "Temp Written Blocks": 0
            },
            {
              "Node Type": "Seq Scan",
              "Parent Relationship": "SubPlan",
              "Subplan Name": "SubPlan 8",
              "Parallel Aware": false,
              "Async Capable": false,
              "Relation Name": "pg_namespace",
              "Alias": "pg_namespace",
              "Startup Cost": 0.00,
              "Total Cost": 1.05,
              "Plan Rows": 1,
              "Plan Width": 64,
              "Actual Startup Time": 0.000,
              "Actual Total Time": 0.000,
              "Actual Rows": 0,
              "Actual Loops": 0,
              "Filter": "(oid = dep.objid)",
              "Rows Removed by Filter": 0,
              "Shared Hit Blocks": 0,
              "Shared Read Blocks": 0,
              "Shared Dirtied Blocks": 0,
              "Shared Written Blocks": 0,
              "Local Hit Blocks": 0,
              "Local Read Blocks": 0,
              "Local Dirtied Blocks": 0,
              "Local Written Blocks": 0,
              "Temp Read Blocks": 0,
              "Temp Written Blocks": 0
            },
            {
              "Node Type": "Seq Scan",
              "Parent Relationship": "SubPlan",
              "Subplan Name": "SubPlan 9",
              "Parallel Aware": false,
              "Async Capable": false,
              "Relation Name": "pg_opclass",
              "Alias": "pg_opclass",
              "Startup Cost": 0.00,
              "Total Cost": 5.21,
              "Plan Rows": 1,
              "Plan Width": 64,
              "Actual Startup Time": 0.000,
              "Actual Total Time": 0.000,
              "Actual Rows": 0,
              "Actual Loops": 0,
              "Filter": "(oid = dep.objid)",
              "Rows Removed by Filter": 0,
              "Shared Hit Blocks": 0,
              "Shared Read Blocks": 0,
              "Shared Dirtied Blocks": 0,
              "Shared Written Blocks": 0,
              "Local Hit Blocks": 0,
              "Local Read Blocks": 0,
              "Local Dirtied Blocks": 0,
              "Local Written Blocks": 0,
              "Temp Read Blocks": 0,
              "Temp Written Blocks": 0
            },
            {
              "Node Type": "Index Scan",
              "Parent Relationship": "SubPlan",
              "Subplan Name": "SubPlan 10",
              "Parallel Aware": false,
              "Async Capable": false,
              "Scan Direction": "Forward",
              "Index Name": "pg_operator_oid_index",
              "Relation Name": "pg_operator",
              "Alias": "pg_operator",
              "Startup Cost": 0.28,
              "Total Cost": 8.29,
              "Plan Rows": 1,
              "Plan Width": 64,
              "Actual Startup Time": 0.000,
              "Actual Total Time": 0.000,
              "Actual Rows": 0,
              "Actual Loops": 0,
              "Index Cond": "(oid = dep.objid)",
              "Rows Removed by Index Recheck": 0,
              "Shared Hit Blocks": 0,
              "Shared Read Blocks": 0,
              "Shared Dirtied Blocks": 0,
              "Shared Written Blocks": 0,
              "Local Hit Blocks": 0,
              "Local Read Blocks": 0,
              "Local Dirtied Blocks": 0,
              "Local Written Blocks": 0,
              "Temp Read Blocks": 0,
              "Temp Written Blocks": 0
            },
            {
              "Node Type": "Seq Scan",
              "Parent Relationship": "SubPlan",
              "Subplan Name": "SubPlan 11",
              "Parallel Aware": false,
              "Async Capable": false,
              "Relation Name": "pg_opfamily",
              "Alias": "pg_opfamily",
              "Startup Cost": 0.00,
              "Total Cost": 3.83,
              "Plan Rows": 1,
              "Plan Width": 64,
              "Actual Startup Time": 0.000,
              "Actual Total Time": 0.000,
              "Actual Rows": 0,
              "Actual Loops": 0,
              "Filter": "(oid = dep.objid)",
              "Rows Removed by Filter": 0,
              "Shared Hit Blocks": 0,
              "Shared Read Blocks": 0,
              "Shared Dirtied Blocks": 0,
              "Shared Written Blocks": 0,
              "Local Hit Blocks": 0,
              "Local Read Blocks": 0,
              "Local Dirtied Blocks": 0,
              "Local Written Blocks": 0,
              "Temp Read Blocks": 0,
              "Temp Written Blocks": 0
            },
            {
              "Node Type": "Index Scan",
              "Parent Relationship": "SubPlan",
              "Subplan Name": "SubPlan 12",
              "Parallel Aware": false,
              "Async Capable": false,
              "Scan Direction": "Forward",
              "Index Name": "pg_rewrite_oid_index",
              "Relation Name": "pg_rewrite",
              "Alias": "pg_rewrite",
              "Startup Cost": 0.14,
              "Total Cost": 8.17,
              "Plan Rows": 1,
              "Plan Width": 32,
              "Actual Startup Time": 0.000,
              "Actual Total Time": 0.000,
              "Actual Rows": 0,
              "Actual Loops": 0,
              "Index Cond": "(oid = dep.objid)",
              "Rows Removed by Index Recheck": 0,
              "Shared Hit Blocks": 0,
              "Shared Read Blocks": 0,
              "Shared Dirtied Blocks": 0,
              "Shared Written Blocks": 0,
              "Local Hit Blocks": 0,
              "Local Read Blocks": 0,
              "Local Dirtied Blocks": 0,
              "Local Written Blocks": 0,
              "Temp Read Blocks": 0,
              "Temp Written Blocks": 0
            },
            {
              "Node Type": "Seq Scan",
              "Parent Relationship": "SubPlan",
              "Subplan Name": "SubPlan 13",
              "Parallel Aware": false,
              "Async Capable": false,
              "Relation Name": "pg_trigger",
              "Alias": "pg_trigger",
              "Startup Cost": 0.00,
              "Total Cost": 1.29,
              "Plan Rows": 1,
              "Plan Width": 64,
              "Actual Startup Time": 0.000,
              "Actual Total Time": 0.000,
              "Actual Rows": 0,
              "Actual Loops": 0,
              "Filter": "(oid = dep.objid)",
              "Rows Removed by Filter": 0,
              "Shared Hit Blocks": 0,
              "Shared Read Blocks": 0,
              "Shared Dirtied Blocks": 0,
              "Shared Written Blocks": 0,
              "Local Hit Blocks": 0,
              "Local Read Blocks": 0,
              "Local Dirtied Blocks": 0,
              "Local Written Blocks": 0,
              "Temp Read Blocks": 0,
              "Temp Written Blocks": 0
            },
            {
              "Node Type": "Seq Scan",
              "Parent Relationship": "SubPlan",
              "Subplan Name": "SubPlan 14",
              "Parallel Aware": false,
              "Async Capable": false,
              "Relation Name": "pg_namespace",
              "Alias": "pg_namespace_1",
              "Startup Cost": 0.00,
              "Total Cost": 1.05,
              "Plan Rows": 1,
              "Plan Width": 64,
              "Actual Startup Time": 0.002,
              "Actual Total Time": 0.002,
              "Actual Rows": 1,
              "Actual Loops": 20,
              "Filter": "(oid = dep.refobjid)",
              "Rows Removed by Filter": 3,
              "Shared Hit Blocks": 20,
              "Shared Read Blocks": 0,
              "Shared Dirtied Blocks": 0,
              "Shared Written Blocks": 0,
              "Local Hit Blocks": 0,
              "Local Read Blocks": 0,
              "Local Dirtied Blocks": 0,
              "Local Written Blocks": 0,
              "Temp Read Blocks": 0,
              "Temp Written Blocks": 0
            },
            {
              "Node Type": "Seq Scan",
              "Parent Relationship": "SubPlan",
              "Subplan Name": "SubPlan 15",
              "Parallel Aware": false,
              "Async Capable": false,
              "Relation Name": "pg_opfamily",
              "Alias": "pg_opfamily_1",
              "Startup Cost": 0.00,
              "Total Cost": 3.83,
              "Plan Rows": 1,
              "Plan Width": 64,
              "Actual Startup Time": 0.000,
              "Actual Total Time": 0.000,
              "Actual Rows": 0,
              "Actual Loops": 0,
              "Filter": "(oid = dep.refobjid)",
              "Rows Removed by Filter": 0,
              "Shared Hit Blocks": 0,
              "Shared Read Blocks": 0,
              "Shared Dirtied Blocks": 0,
              "Shared Written Blocks": 0,
              "Local Hit Blocks": 0,
              "Local Read Blocks": 0,
              "Local Dirtied Blocks": 0,
              "Local Written Blocks": 0,
              "Temp Read Blocks": 0,
              "Temp Written Blocks": 0
            }
          ]
        },
        {
          "Node Type": "Recursive Union",
          "Parent Relationship": "InitPlan",
          "Subplan Name": "CTE dependency_hierarchy",
          "Parallel Aware": false,
          "Async Capable": false,
          "Startup Cost": 8.82,
          "Total Cost": 51.54,
          "Plan Rows": 31,
          "Plan Width": 168,
          "Actual Startup Time": 127.161,
          "Actual Total Time": 129.601,
          "Actual Rows": 169,
          "Actual Loops": 1,
          "Shared Hit Blocks": 1985,
          "Shared Read Blocks": 0,
          "Shared Dirtied Blocks": 0,
          "Shared Written Blocks": 0,
          "Local Hit Blocks": 0,
          "Local Read Blocks": 0,
          "Local Dirtied Blocks": 0,
          "Local Written Blocks": 0,
          "Temp Read Blocks": 0,
          "Temp Written Blocks": 0,
          "Plans": [
            {
              "Node Type": "Unique",
              "Parent Relationship": "Outer",
              "Parallel Aware": false,
              "Async Capable": false,
              "Startup Cost": 8.82,
              "Total Cost": 8.84,
              "Plan Rows": 1,
              "Plan Width": 168,
              "Actual Startup Time": 127.160,
              "Actual Total Time": 127.189,
              "Actual Rows": 5,
              "Actual Loops": 1,
              "Shared Hit Blocks": 1985,
              "Shared Read Blocks": 0,
              "Shared Dirtied Blocks": 0,
              "Shared Written Blocks": 0,
              "Local Hit Blocks": 0,
              "Local Read Blocks": 0,
              "Local Dirtied Blocks": 0,
              "Local Written Blocks": 0,
              "Temp Read Blocks": 0,
              "Temp Written Blocks": 0,
              "Plans": [
                {
                  "Node Type": "Sort",
                  "Parent Relationship": "Outer",
                  "Parallel Aware": false,
                  "Async Capable": false,
                  "Startup Cost": 8.82,
                  "Total Cost": 8.83,
                  "Plan Rows": 1,
                  "Plan Width": 168,
                  "Actual Startup Time": 127.158,
                  "Actual Total Time": 127.163,
                  "Actual Rows": 31,
                  "Actual Loops": 1,
                  "Sort Key": ["root.refobjid", "root.refobj_type", "root.refobj_name COLLATE \"C\"", "(ARRAY[root.refobjid])", "(ARRAY[concat((preference_1.type_ranks ->> root.refobj_type), root.refobj_type, ' ', root.refobj_name)]) COLLATE \"C\""],
                  "Sort Method": "quicksort",
                  "Sort Space Used": 30,
                  "Sort Space Type": "Memory",
                  "Shared Hit Blocks": 1985,
                  "Shared Read Blocks": 0,
                  "Shared Dirtied Blocks": 0,
                  "Shared Written Blocks": 0,
                  "Local Hit Blocks": 0,
                  "Local Read Blocks": 0,
                  "Local Dirtied Blocks": 0,
                  "Local Written Blocks": 0,
                  "Temp Read Blocks": 0,
                  "Temp Written Blocks": 0,
                  "Plans": [
                    {
                      "Node Type": "Nested Loop",
                      "Parent Relationship": "Outer",
                      "Parallel Aware": false,
                      "Async Capable": false,
                      "Join Type": "Inner",
                      "Startup Cost": 5.07,
                      "Total Cost": 8.81,
                      "Plan Rows": 1,
                      "Plan Width": 168,
                      "Actual Startup Time": 126.455,
                      "Actual Total Time": 126.670,
                      "Actual Rows": 31,
                      "Actual Loops": 1,
                      "Inner Unique": false,
                      "Join Filter": "(root.refobj_name !~ preference_1.schema_exclusion)",
                      "Rows Removed by Join Filter": 0,
                      "Shared Hit Blocks": 1979,
                      "Shared Read Blocks": 0,
                      "Shared Dirtied Blocks": 0,
                      "Shared Written Blocks": 0,
                      "Local Hit Blocks": 0,
                      "Local Read Blocks": 0,
                      "Local Dirtied Blocks": 0,
                      "Local Written Blocks": 0,
                      "Temp Read Blocks": 0,
                      "Temp Written Blocks": 0,
                      "Plans": [
                        {
                          "Node Type": "Hash Join",
                          "Parent Relationship": "Outer",
                          "Parallel Aware": false,
                          "Async Capable": false,
                          "Join Type": "Anti",
                          "Startup Cost": 5.07,
                          "Total Cost": 8.78,
                          "Plan Rows": 1,
                          "Plan Width": 68,
                          "Actual Startup Time": 125.398,
                          "Actual Total Time": 125.466,
                          "Actual Rows": 31,
                          "Actual Loops": 1,
                          "Inner Unique": false,
                          "Hash Cond": "(root.refobjid = branch.objid)",
                          "Shared Hit Blocks": 1979,
                          "Shared Read Blocks": 0,
                          "Shared Dirtied Blocks": 0,
                          "Shared Written Blocks": 0,
                          "Local Hit Blocks": 0,
                          "Local Read Blocks": 0,
                          "Local Dirtied Blocks": 0,
                          "Local Written Blocks": 0,
                          "Temp Read Blocks": 0,
                          "Temp Written Blocks": 0,
                          "Plans": [
                            {
                              "Node Type": "CTE Scan",
                              "Parent Relationship": "Outer",
                              "Parallel Aware": false,
                              "Async Capable": false,
                              "CTE Name": "dependency_pair",
                              "Alias": "root",
                              "Startup Cost": 0.00,
                              "Total Cost": 3.12,
                              "Plan Rows": 156,
                              "Plan Width": 68,
                              "Actual Startup Time": 80.409,
                              "Actual Total Time": 80.448,
                              "Actual Rows": 127,
                              "Actual Loops": 1,
                              "Shared Hit Blocks": 1588,
                              "Shared Read Blocks": 0,
                              "Shared Dirtied Blocks": 0,
                              "Shared Written Blocks": 0,
                              "Local Hit Blocks": 0,
                              "Local Read Blocks": 0,
                              "Local Dirtied Blocks": 0,
                              "Local Written Blocks": 0,
                              "Temp Read Blocks": 0,
                              "Temp Written Blocks": 0
                            },
                            {
                              "Node Type": "Hash",
                              "Parent Relationship": "Inner",
                              "Parallel Aware": false,
                              "Async Capable": false,
                              "Startup Cost": 3.12,
                              "Total Cost": 3.12,
                              "Plan Rows": 156,
                              "Plan Width": 4,
                              "Actual Startup Time": 44.980,
                              "Actual Total Time": 44.980,
                              "Actual Rows": 127,
                              "Actual Loops": 1,
                              "Hash Buckets": 1024,
                              "Original Hash Buckets": 1024,
                              "Hash Batches": 1,
                              "Original Hash Batches": 1,
                              "Peak Memory Usage": 13,
                              "Shared Hit Blocks": 391,
                              "Shared Read Blocks": 0,
                              "Shared Dirtied Blocks": 0,
                              "Shared Written Blocks": 0,
                              "Local Hit Blocks": 0,
                              "Local Read Blocks": 0,
                              "Local Dirtied Blocks": 0,
                              "Local Written Blocks": 0,
                              "Temp Read Blocks": 0,
                              "Temp Written Blocks": 0,
                              "Plans": [
                                {
                                  "Node Type": "CTE Scan",
                                  "Parent Relationship": "Outer",
                                  "Parallel Aware": false,
                                  "Async Capable": false,
                                  "CTE Name": "dependency_pair",
                                  "Alias": "branch",
                                  "Startup Cost": 0.00,
                                  "Total Cost": 3.12,
                                  "Plan Rows": 156,
                                  "Plan Width": 4,
                                  "Actual Startup Time": 0.001,
                                  "Actual Total Time": 44.916,
                                  "Actual Rows": 127,
                                  "Actual Loops": 1,
                                  "Shared Hit Blocks": 391,
                                  "Shared Read Blocks": 0,
                                  "Shared Dirtied Blocks": 0,
                                  "Shared Written Blocks": 0,
                                  "Local Hit Blocks": 0,
                                  "Local Read Blocks": 0,
                                  "Local Dirtied Blocks": 0,
                                  "Local Written Blocks": 0,
                                  "Temp Read Blocks": 0,
                                  "Temp Written Blocks": 0
                                }
                              ]
                            }
                          ]
                        },
                        {
                          "Node Type": "CTE Scan",
                          "Parent Relationship": "Inner",
                          "Parallel Aware": false,
                          "Async Capable": false,
                          "CTE Name": "preference",
                          "Alias": "preference_1",
                          "Startup Cost": 0.00,
                          "Total Cost": 0.02,
                          "Plan Rows": 1,
                          "Plan Width": 64,
                          "Actual Startup Time": 0.000,
                          "Actual Total Time": 0.000,
                          "Actual Rows": 1,
                          "Actual Loops": 31,
                          "Shared Hit Blocks": 0,
                          "Shared Read Blocks": 0,
                          "Shared Dirtied Blocks": 0,
                          "Shared Written Blocks": 0,
                          "Local Hit Blocks": 0,
                          "Local Read Blocks": 0,
                          "Local Dirtied Blocks": 0,
                          "Local Written Blocks": 0,
                          "Temp Read Blocks": 0,
                          "Temp Written Blocks": 0
                        }
                      ]
                    }
                  ]
                }
              ]
            },
            {
              "Node Type": "Hash Join",
              "Parent Relationship": "Inner",
              "Parallel Aware": false,
              "Async Capable": false,
              "Join Type": "Inner",
              "Startup Cost": 0.38,
              "Total Cost": 4.21,
              "Plan Rows": 3,
              "Plan Width": 168,
              "Actual Startup Time": 0.082,
              "Actual Total Time": 0.440,
              "Actual Rows": 33,
              "Actual Loops": 5,
              "Inner Unique": false,
              "Hash Cond": "(child.refobjid = parent.objid)",
              "Join Filter": "((child.object_name !~ preference_2.schema_exclusion) AND (child.refobj_name !~ preference_2.schema_exclusion) AND (child.objid <> ALL (parent.dependency_chain)))",
              "Rows Removed by Join Filter": 0,
              "Shared Hit Blocks": 0,
              "Shared Read Blocks": 0,
              "Shared Dirtied Blocks": 0,
              "Shared Written Blocks": 0,
              "Local Hit Blocks": 0,
              "Local Read Blocks": 0,
              "Local Dirtied Blocks": 0,
              "Local Written Blocks": 0,
              "Temp Read Blocks": 0,
              "Temp Written Blocks": 0,
              "Plans": [
                {
                  "Node Type": "CTE Scan",
                  "Parent Relationship": "Outer",
                  "Parallel Aware": false,
                  "Async Capable": false,
                  "CTE Name": "dependency_pair",
                  "Alias": "child",
                  "Startup Cost": 0.00,
                  "Total Cost": 3.12,
                  "Plan Rows": 156,
                  "Plan Width": 136,
                  "Actual Startup Time": 0.001,
                  "Actual Total Time": 0.043,
                  "Actual Rows": 127,
                  "Actual Loops": 5,
                  "Shared Hit Blocks": 0,
                  "Shared Read Blocks": 0,
                  "Shared Dirtied Blocks": 0,
                  "Shared Written Blocks": 0,
                  "Local Hit Blocks": 0,
                  "Local Read Blocks": 0,
                  "Local Dirtied Blocks": 0,
                  "Local Written Blocks": 0,
                  "Temp Read Blocks": 0,
                  "Temp Written Blocks": 0
                },
                {
                  "Node Type": "Hash",
                  "Parent Relationship": "Inner",
                  "Parallel Aware": false,
                  "Async Capable": false,
                  "Startup Cost": 0.34,
                  "Total Cost": 0.34,
                  "Plan Rows": 3,
                  "Plan Width": 136,
                  "Actual Startup Time": 0.050,
                  "Actual Total Time": 0.051,
                  "Actual Rows": 34,
                  "Actual Loops": 5,
                  "Hash Buckets": 1024,
                  "Original Hash Buckets": 1024,
                  "Hash Batches": 1,
                  "Original Hash Batches": 1,
                  "Peak Memory Usage": 45,
                  "Shared Hit Blocks": 0,
                  "Shared Read Blocks": 0,
                  "Shared Dirtied Blocks": 0,
                  "Shared Written Blocks": 0,
                  "Local Hit Blocks": 0,
                  "Local Read Blocks": 0,
                  "Local Dirtied Blocks": 0,
                  "Local Written Blocks": 0,
                  "Temp Read Blocks": 0,
                  "Temp Written Blocks": 0,
                  "Plans": [
                    {
                      "Node Type": "Nested Loop",
                      "Parent Relationship": "Outer",
                      "Parallel Aware": false,
                      "Async Capable": false,
                      "Join Type": "Inner",
                      "Startup Cost": 0.00,
                      "Total Cost": 0.34,
                      "Plan Rows": 3,
                      "Plan Width": 136,
                      "Actual Startup Time": 0.003,
                      "Actual Total Time": 0.018,
                      "Actual Rows": 34,
                      "Actual Loops": 5,
                      "Inner Unique": false,
                      "Join Filter": "(parent.level < preference_2.max_depth)",
                      "Rows Removed by Join Filter": 0,
                      "Shared Hit Blocks": 0,
                      "Shared Read Blocks": 0,
                      "Shared Dirtied Blocks": 0,
                      "Shared Written Blocks": 0,
                      "Local Hit Blocks": 0,
                      "Local Read Blocks": 0,
                      "Local Dirtied Blocks": 0,
                      "Local Written Blocks": 0,
                      "Temp Read Blocks": 0,
                      "Temp Written Blocks": 0,
                      "Plans": [
                        {
                          "Node Type": "CTE Scan",
                          "Parent Relationship": "Outer",
                          "Parallel Aware": false,
                          "Async Capable": false,
                          "CTE Name": "preference",
                          "Alias": "preference_2",
                          "Startup Cost": 0.00,
                          "Total Cost": 0.02,
                          "Plan Rows": 1,
                          "Plan Width": 68,
                          "Actual Startup Time": 0.001,
                          "Actual Total Time": 0.001,
                          "Actual Rows": 1,
                          "Actual Loops": 5,
                          "Shared Hit Blocks": 0,
                          "Shared Read Blocks": 0,
                          "Shared Dirtied Blocks": 0,
                          "Shared Written Blocks": 0,
                          "Local Hit Blocks": 0,
                          "Local Read Blocks": 0,
                          "Local Dirtied Blocks": 0,
                          "Local Written Blocks": 0,
                          "Temp Read Blocks": 0,
                          "Temp Written Blocks": 0
                        },
                        {
                          "Node Type": "WorkTable Scan",
                          "Parent Relationship": "Inner",
                          "Parallel Aware": false,
                          "Async Capable": false,
                          "CTE Name": "dependency_hierarchy",
                          "Alias": "parent",
                          "Startup Cost": 0.00,
                          "Total Cost": 0.20,
                          "Plan Rows": 10,
                          "Plan Width": 72,
                          "Actual Startup Time": 0.001,
                          "Actual Total Time": 0.005,
                          "Actual Rows": 34,
                          "Actual Loops": 5,
                          "Shared Hit Blocks": 0,
                          "Shared Read Blocks": 0,
                          "Shared Dirtied Blocks": 0,
                          "Shared Written Blocks": 0,
                          "Local Hit Blocks": 0,
                          "Local Read Blocks": 0,
                          "Local Dirtied Blocks": 0,
                          "Local Written Blocks": 0,
                          "Temp Read Blocks": 0,
                          "Temp Written Blocks": 0
                        }
                      ]
                    }
                  ]
                }
              ]
            }
          ]
        },
        {
          "Node Type": "CTE Scan",
          "Parent Relationship": "Outer",
          "Parallel Aware": false,
          "Async Capable": false,
          "CTE Name": "dependency_hierarchy",
          "Alias": "dependency_hierarchy",
          "Startup Cost": 0.00,
          "Total Cost": 0.62,
          "Plan Rows": 31,
          "Plan Width": 168,
          "Actual Startup Time": 127.163,
          "Actual Total Time": 129.899,
          "Actual Rows": 169,
          "Actual Loops": 1,
          "Shared Hit Blocks": 1985,
          "Shared Read Blocks": 0,
          "Shared Dirtied Blocks": 0,
          "Shared Written Blocks": 0,
          "Local Hit Blocks": 0,
          "Local Read Blocks": 0,
          "Local Dirtied Blocks": 0,
          "Local Written Blocks": 0,
          "Temp Read Blocks": 0,
          "Temp Written Blocks": 0
        }
      ]
    },
    "Planning": {
      "Shared Hit Blocks": 1,
      "Shared Read Blocks": 0,
      "Shared Dirtied Blocks": 0,
      "Shared Written Blocks": 0,
      "Local Hit Blocks": 0,
      "Local Read Blocks": 0,
      "Local Dirtied Blocks": 0,
      "Local Written Blocks": 0,
      "Temp Read Blocks": 0,
      "Temp Written Blocks": 0
    },
    "Triggers": [
    ]
  }
]
