[
  {
    "Plan": {
      "Node Type": "Sort",
      "Parallel Aware": false,
      "Async Capable": false,
      "Startup Cost": 46.11,
      "Total Cost": 46.12,
      "Plan Rows": 1,
      "Plan Width": 296,
      "Actual Startup Time": 22.919,
      "Actual Total Time": 22.923,
      "Actual Rows": 1,
      "Actual Loops": 1,
      "Sort Key": ["ns.nspname", "c.relname", "pg_attribute.attname"],
      "Sort Method": "quicksort",
      "Sort Space Used": 25,
      "Sort Space Type": "Memory",
      "Shared Hit Blocks": 728,
      "Shared Read Blocks": 2,
      "Shared Dirtied Blocks": 0,
      "Shared Written Blocks": 0,
      "Local Hit Blocks": 0,
      "Local Read Blocks": 0,
      "Local Dirtied Blocks": 0,
      "Local Written Blocks": 0,
      "Temp Read Blocks": 0,
      "Temp Written Blocks": 0,
      "Plans": [
        {
          "Node Type": "Nested Loop",
          "Parent Relationship": "Outer",
          "Parallel Aware": false,
          "Async Capable": false,
          "Join Type": "Inner",
          "Startup Cost": 0.83,
          "Total Cost": 46.10,
          "Plan Rows": 1,
          "Plan Width": 296,
          "Actual Startup Time": 22.664,
          "Actual Total Time": 22.880,
          "Actual Rows": 1,
          "Actual Loops": 1,
          "Inner Unique": true,
          "Shared Hit Blocks": 725,
          "Shared Read Blocks": 2,
          "Shared Dirtied Blocks": 0,
          "Shared Written Blocks": 0,
          "Local Hit Blocks": 0,
          "Local Read Blocks": 0,
          "Local Dirtied Blocks": 0,
          "Local Written Blocks": 0,
          "Temp Read Blocks": 0,
          "Temp Written Blocks": 0,
          "Plans": [
            {
              "Node Type": "Nested Loop",
              "Parent Relationship": "Outer",
              "Parallel Aware": false,
              "Async Capable": false,
              "Join Type": "Inner",
              "Startup Cost": 0.55,
              "Total Cost": 45.76,
              "Plan Rows": 1,
              "Plan Width": 276,
              "Actual Startup Time": 21.936,
              "Actual Total Time": 22.150,
              "Actual Rows": 1,
              "Actual Loops": 1,
              "Inner Unique": true,
              "Join Filter": "(c.relnamespace = ns.oid)",
              "Rows Removed by Join Filter": 78,
              "Shared Hit Blocks": 722,
              "Shared Read Blocks": 2,
              "Shared Dirtied Blocks": 0,
              "Shared Written Blocks": 0,
              "Local Hit Blocks": 0,
              "Local Read Blocks": 0,
              "Local Dirtied Blocks": 0,
              "Local Written Blocks": 0,
              "Temp Read Blocks": 0,
              "Temp Written Blocks": 0,
              "Plans": [
                {
                  "Node Type": "Nested Loop",
                  "Parent Relationship": "Outer",
                  "Parallel Aware": false,
                  "Async Capable": false,
                  "Join Type": "Inner",
                  "Startup Cost": 0.55,
                  "Total Cost": 44.68,
                  "Plan Rows": 1,
                  "Plan Width": 216,
                  "Actual Startup Time": 0.037,
                  "Actual Total Time": 21.642,
                  "Actual Rows": 79,
                  "Actual Loops": 1,
                  "Inner Unique": true,
                  "Shared Hit Blocks": 643,
                  "Shared Read Blocks": 2,
                  "Shared Dirtied Blocks": 0,
                  "Shared Written Blocks": 0,
                  "Local Hit Blocks": 0,
                  "Local Read Blocks": 0,
                  "Local Dirtied Blocks": 0,
                  "Local Written Blocks": 0,
                  "Temp Read Blocks": 0,
                  "Temp Written Blocks": 0,
                  "Plans": [
                    {
                      "Node Type": "Nested Loop",
                      "Parent Relationship": "Outer",
                      "Parallel Aware": false,
                      "Async Capable": false,
                      "Join Type": "Inner",
                      "Startup Cost": 0.28,
                      "Total Cost": 44.35,
                      "Plan Rows": 1,
                      "Plan Width": 152,
                      "Actual Startup Time": 0.028,
                      "Actual Total Time": 21.169,
                      "Actual Rows": 104,
                      "Actual Loops": 1,
                      "Inner Unique": true,
                      "Shared Hit Blocks": 331,
                      "Shared Read Blocks": 2,
                      "Shared Dirtied Blocks": 0,
                      "Shared Written Blocks": 0,
                      "Local Hit Blocks": 0,
                      "Local Read Blocks": 0,
                      "Local Dirtied Blocks": 0,
                      "Local Written Blocks": 0,
                      "Temp Read Blocks": 0,
                      "Temp Written Blocks": 0,
                      "Plans": [
                        {
                          "Node Type": "Seq Scan",
                          "Parent Relationship": "Outer",
                          "Parallel Aware": false,
                          "Async Capable": false,
                          "Relation Name": "pg_statistic",
                          "Alias": "pg_statistic",
                          "Startup Cost": 0.00,
                          "Total Cost": 27.73,
                          "Plan Rows": 2,
                          "Plan Width": 82,
                          "Actual Startup Time": 0.015,
                          "Actual Total Time": 6.976,
                          "Actual Rows": 104,
                          "Actual Loops": 1,
                          "Filter": "((stadistinct >= '0'::double precision) AND (stadistinct <= '1'::double precision))",
                          "Rows Removed by Filter": 312,
                          "Shared Hit Blocks": 20,
                          "Shared Read Blocks": 1,
                          "Shared Dirtied Blocks": 0,
                          "Shared Written Blocks": 0,
                          "Local Hit Blocks": 0,
                          "Local Read Blocks": 0,
                          "Local Dirtied Blocks": 0,
                          "Local Written Blocks": 0,
                          "Temp Read Blocks": 0,
                          "Temp Written Blocks": 0
                        },
                        {
                          "Node Type": "Index Scan",
                          "Parent Relationship": "Inner",
                          "Parallel Aware": false,
                          "Async Capable": false,
                          "Scan Direction": "Forward",
                          "Index Name": "pg_attribute_relid_attnum_index",
                          "Relation Name": "pg_attribute",
                          "Alias": "pg_attribute",
                          "Startup Cost": 0.28,
                          "Total Cost": 8.30,
                          "Plan Rows": 1,
                          "Plan Width": 74,
                          "Actual Startup Time": 0.135,
                          "Actual Total Time": 0.135,
                          "Actual Rows": 1,
                          "Actual Loops": 104,
                          "Index Cond": "((attrelid = pg_statistic.starelid) AND (attnum = pg_statistic.staattnum))",
                          "Rows Removed by Index Recheck": 0,
                          "Filter": "((NOT attisdropped) AND (attstattarget <> 0))",
                          "Rows Removed by Filter": 0,
                          "Shared Hit Blocks": 311,
                          "Shared Read Blocks": 1,
                          "Shared Dirtied Blocks": 0,
                          "Shared Written Blocks": 0,
                          "Local Hit Blocks": 0,
                          "Local Read Blocks": 0,
                          "Local Dirtied Blocks": 0,
                          "Local Written Blocks": 0,
                          "Temp Read Blocks": 0,
                          "Temp Written Blocks": 0
                        }
                      ]
                    },
                    {
                      "Node Type": "Index Scan",
                      "Parent Relationship": "Inner",
                      "Parallel Aware": false,
                      "Async Capable": false,
                      "Scan Direction": "Forward",
                      "Index Name": "pg_class_oid_index",
                      "Relation Name": "pg_class",
                      "Alias": "c",
                      "Startup Cost": 0.27,
                      "Total Cost": 0.32,
                      "Plan Rows": 1,
                      "Plan Width": 76,
                      "Actual Startup Time": 0.003,
                      "Actual Total Time": 0.003,
                      "Actual Rows": 1,
                      "Actual Loops": 104,
                      "Index Cond": "(oid = pg_attribute.attrelid)",
                      "Rows Removed by Index Recheck": 0,
                      "Filter": "((reltuples >= '100'::double precision) AND (relkind = 'r'::\"char\"))",
                      "Rows Removed by Filter": 0,
                      "Shared Hit Blocks": 312,
                      "Shared Read Blocks": 0,
                      "Shared Dirtied Blocks": 0,
                      "Shared Written Blocks": 0,
                      "Local Hit Blocks": 0,
                      "Local Read Blocks": 0,
                      "Local Dirtied Blocks": 0,
                      "Local Written Blocks": 0,
                      "Temp Read Blocks": 0,
                      "Temp Written Blocks": 0
                    }
                  ]
                },
                {
                  "Node Type": "Seq Scan",
                  "Parent Relationship": "Inner",
                  "Parallel Aware": false,
                  "Async Capable": false,
                  "Relation Name": "pg_namespace",
                  "Alias": "ns",
                  "Startup Cost": 0.00,
                  "Total Cost": 1.06,
                  "Plan Rows": 2,
                  "Plan Width": 68,
                  "Actual Startup Time": 0.002,
                  "Actual Total Time": 0.002,
                  "Actual Rows": 1,
                  "Actual Loops": 79,
                  "Filter": "((nspname !~~ 'pg\\_%'::text) AND (nspname <> 'information_schema'::name))",
                  "Rows Removed by Filter": 3,
                  "Shared Hit Blocks": 79,
                  "Shared Read Blocks": 0,
                  "Shared Dirtied Blocks": 0,
                  "Shared Written Blocks": 0,
                  "Local Hit Blocks": 0,
                  "Local Read Blocks": 0,
                  "Local Dirtied Blocks": 0,
                  "Local Written Blocks": 0,
                  "Temp Read Blocks": 0,
                  "Temp Written Blocks": 0
                }
              ]
            },
            {
              "Node Type": "Index Scan",
              "Parent Relationship": "Inner",
              "Parallel Aware": false,
              "Async Capable": false,
              "Scan Direction": "Forward",
              "Index Name": "pg_type_oid_index",
              "Relation Name": "pg_type",
              "Alias": "t",
              "Startup Cost": 0.28,
              "Total Cost": 0.32,
              "Plan Rows": 1,
              "Plan Width": 68,
              "Actual Startup Time": 0.009,
              "Actual Total Time": 0.010,
              "Actual Rows": 1,
              "Actual Loops": 1,
              "Index Cond": "(oid = pg_attribute.atttypid)",
              "Rows Removed by Index Recheck": 0,
              "Shared Hit Blocks": 3,
              "Shared Read Blocks": 0,
              "Shared Dirtied Blocks": 0,
              "Shared Written Blocks": 0,
              "Local Hit Blocks": 0,
              "Local Read Blocks": 0,
              "Local Dirtied Blocks": 0,
              "Local Written Blocks": 0,
              "Temp Read Blocks": 0,
              "Temp Written Blocks": 0
            }
          ]
        }
      ]
    },
    "Planning": {
      "Shared Hit Blocks": 94,
      "Shared Read Blocks": 0,
      "Shared Dirtied Blocks": 0,
      "Shared Written Blocks": 0,
      "Local Hit Blocks": 0,
      "Local Read Blocks": 0,
      "Local Dirtied Blocks": 0,
      "Local Written Blocks": 0,
      "Temp Read Blocks": 0,
      "Temp Written Blocks": 0
    },
    "Triggers": [
    ]
  }
]
