[
  {
    "Plan": {
      "Node Type": "Aggregate",
      "Strategy": "Plain",
      "Partial Mode": "Simple",
      "Parallel Aware": false,
      "Async Capable": false,
      "Startup Cost": 21.46,
      "Total Cost": 21.49,
      "Plan Rows": 1,
      "Plan Width": 96,
      "Actual Startup Time": 0.137,
      "Actual Total Time": 0.140,
      "Actual Rows": 1,
      "Actual Loops": 1,
      "Shared Hit Blocks": 4,
      "Shared Read Blocks": 0,
      "Shared Dirtied Blocks": 0,
      "Shared Written Blocks": 0,
      "Local Hit Blocks": 0,
      "Local Read Blocks": 0,
      "Local Dirtied Blocks": 0,
      "Local Written Blocks": 0,
      "Temp Read Blocks": 0,
      "Temp Written Blocks": 0,
      "Plans": [
        {
          "Node Type": "Hash Join",
          "Parent Relationship": "Outer",
          "Parallel Aware": false,
          "Async Capable": false,
          "Join Type": "Inner",
          "Startup Cost": 14.70,
          "Total Cost": 20.98,
          "Plan Rows": 2,
          "Plan Width": 70,
          "Actual Startup Time": 0.073,
          "Actual Total Time": 0.078,
          "Actual Rows": 4,
          "Actual Loops": 1,
          "Inner Unique": true,
          "Hash Cond": "(a1.question_id = a2.question_id)",
          "Shared Hit Blocks": 4,
          "Shared Read Blocks": 0,
          "Shared Dirtied Blocks": 0,
          "Shared Written Blocks": 0,
          "Local Hit Blocks": 0,
          "Local Read Blocks": 0,
          "Local Dirtied Blocks": 0,
          "Local Written Blocks": 0,
          "Temp Read Blocks": 0,
          "Temp Written Blocks": 0,
          "Plans": [
            {
              "Node Type": "Bitmap Heap Scan",
              "Parent Relationship": "Outer",
              "Parallel Aware": false,
              "Async Capable": false,
              "Relation Name": "answers",
              "Alias": "a1",
              "Startup Cost": 4.19,
              "Total Cost": 10.45,
              "Plan Rows": 5,
              "Plan Width": 39,
              "Actual Startup Time": 0.048,
              "Actual Total Time": 0.050,
              "Actual Rows": 5,
              "Actual Loops": 1,
              "Recheck Cond": "(profile_id = 1)",
              "Rows Removed by Index Recheck": 0,
              "Exact Heap Blocks": 1,
              "Lossy Heap Blocks": 0,
              "Shared Hit Blocks": 2,
              "Shared Read Blocks": 0,
              "Shared Dirtied Blocks": 0,
              "Shared Written Blocks": 0,
              "Local Hit Blocks": 0,
              "Local Read Blocks": 0,
              "Local Dirtied Blocks": 0,
              "Local Written Blocks": 0,
              "Temp Read Blocks": 0,
              "Temp Written Blocks": 0,
              "Plans": [
                {
                  "Node Type": "Bitmap Index Scan",
                  "Parent Relationship": "Outer",
                  "Parallel Aware": false,
                  "Async Capable": false,
                  "Index Name": "IDX_f5d7c43148a6a0d2eeef12e605",
                  "Startup Cost": 0.00,
                  "Total Cost": 4.18,
                  "Plan Rows": 5,
                  "Plan Width": 0,
                  "Actual Startup Time": 0.021,
                  "Actual Total Time": 0.021,
                  "Actual Rows": 5,
                  "Actual Loops": 1,
                  "Index Cond": "(profile_id = 1)",
                  "Shared Hit Blocks": 1,
                  "Shared Read Blocks": 0,
                  "Shared Dirtied Blocks": 0,
                  "Shared Written Blocks": 0,
                  "Local Hit Blocks": 0,
                  "Local Read Blocks": 0,
                  "Local Dirtied Blocks": 0,
                  "Local Written Blocks": 0,
                  "Temp Read Blocks": 0,
                  "Temp Written Blocks": 0
                }
              ]
            },
            {
              "Node Type": "Hash",
              "Parent Relationship": "Inner",
              "Parallel Aware": false,
              "Async Capable": false,
              "Startup Cost": 10.45,
              "Total Cost": 10.45,
              "Plan Rows": 5,
              "Plan Width": 39,
              "Actual Startup Time": 0.010,
              "Actual Total Time": 0.011,
              "Actual Rows": 5,
              "Actual Loops": 1,
              "Hash Buckets": 1024,
              "Original Hash Buckets": 1024,
              "Hash Batches": 1,
              "Original Hash Batches": 1,
              "Peak Memory Usage": 9,
              "Shared Hit Blocks": 2,
              "Shared Read Blocks": 0,
              "Shared Dirtied Blocks": 0,
              "Shared Written Blocks": 0,
              "Local Hit Blocks": 0,
              "Local Read Blocks": 0,
              "Local Dirtied Blocks": 0,
              "Local Written Blocks": 0,
              "Temp Read Blocks": 0,
              "Temp Written Blocks": 0,
              "Plans": [
                {
                  "Node Type": "Bitmap Heap Scan",
                  "Parent Relationship": "Outer",
                  "Parallel Aware": false,
                  "Async Capable": false,
                  "Relation Name": "answers",
                  "Alias": "a2",
                  "Startup Cost": 4.19,
                  "Total Cost": 10.45,
                  "Plan Rows": 5,
                  "Plan Width": 39,
                  "Actual Startup Time": 0.005,
                  "Actual Total Time": 0.007,
                  "Actual Rows": 5,
                  "Actual Loops": 1,
                  "Recheck Cond": "(profile_id = 2)",
                  "Rows Removed by Index Recheck": 0,
                  "Exact Heap Blocks": 1,
                  "Lossy Heap Blocks": 0,
                  "Shared Hit Blocks": 2,
                  "Shared Read Blocks": 0,
                  "Shared Dirtied Blocks": 0,
                  "Shared Written Blocks": 0,
                  "Local Hit Blocks": 0,
                  "Local Read Blocks": 0,
                  "Local Dirtied Blocks": 0,
                  "Local Written Blocks": 0,
                  "Temp Read Blocks": 0,
                  "Temp Written Blocks": 0,
                  "Plans": [
                    {
                      "Node Type": "Bitmap Index Scan",
                      "Parent Relationship": "Outer",
                      "Parallel Aware": false,
                      "Async Capable": false,
                      "Index Name": "IDX_f5d7c43148a6a0d2eeef12e605",
                      "Startup Cost": 0.00,
                      "Total Cost": 4.18,
                      "Plan Rows": 5,
                      "Plan Width": 0,
                      "Actual Startup Time": 0.001,
                      "Actual Total Time": 0.002,
                      "Actual Rows": 5,
                      "Actual Loops": 1,
                      "Index Cond": "(profile_id = 2)",
                      "Shared Hit Blocks": 1,
                      "Shared Read Blocks": 0,
                      "Shared Dirtied Blocks": 0,
                      "Shared Written Blocks": 0,
                      "Local Hit Blocks": 0,
                      "Local Read Blocks": 0,
                      "Local Dirtied Blocks": 0,
                      "Local Written Blocks": 0,
                      "Temp Read Blocks": 0,
                      "Temp Written Blocks": 0
                    }
                  ]
                }
              ]
            }
          ]
        },
        {
          "Node Type": "Aggregate",
          "Strategy": "Plain",
          "Partial Mode": "Simple",
          "Parent Relationship": "SubPlan",
          "Subplan Name": "SubPlan 1",
          "Parallel Aware": false,
          "Async Capable": false,
          "Startup Cost": 0.03,
          "Total Cost": 0.04,
          "Plan Rows": 1,
          "Plan Width": 32,
          "Actual Startup Time": 0.007,
          "Actual Total Time": 0.007,
          "Actual Rows": 1,
          "Actual Loops": 2,
          "Shared Hit Blocks": 0,
          "Shared Read Blocks": 0,
          "Shared Dirtied Blocks": 0,
          "Shared Written Blocks": 0,
          "Local Hit Blocks": 0,
          "Local Read Blocks": 0,
          "Local Dirtied Blocks": 0,
          "Local Written Blocks": 0,
          "Temp Read Blocks": 0,
          "Temp Written Blocks": 0,
          "Plans": [
            {
              "Node Type": "Values Scan",
              "Parent Relationship": "Outer",
              "Parallel Aware": false,
              "Async Capable": false,
              "Alias": "*VALUES*",
              "Startup Cost": 0.00,
              "Total Cost": 0.03,
              "Plan Rows": 2,
              "Plan Width": 4,
              "Actual Startup Time": 0.003,
              "Actual Total Time": 0.004,
              "Actual Rows": 2,
              "Actual Loops": 2,
              "Shared Hit Blocks": 0,
              "Shared Read Blocks": 0,
              "Shared Dirtied Blocks": 0,
              "Shared Written Blocks": 0,
              "Local Hit Blocks": 0,
              "Local Read Blocks": 0,
              "Local Dirtied Blocks": 0,
              "Local Written Blocks": 0,
              "Temp Read Blocks": 0,
              "Temp Written Blocks": 0
            }
          ]
        },
        {
          "Node Type": "Aggregate",
          "Strategy": "Plain",
          "Partial Mode": "Simple",
          "Parent Relationship": "SubPlan",
          "Subplan Name": "SubPlan 2",
          "Parallel Aware": false,
          "Async Capable": false,
          "Startup Cost": 0.03,
          "Total Cost": 0.04,
          "Plan Rows": 1,
          "Plan Width": 32,
          "Actual Startup Time": 0.002,
          "Actual Total Time": 0.002,
          "Actual Rows": 1,
          "Actual Loops": 4,
          "Shared Hit Blocks": 0,
          "Shared Read Blocks": 0,
          "Shared Dirtied Blocks": 0,
          "Shared Written Blocks": 0,
          "Local Hit Blocks": 0,
          "Local Read Blocks": 0,
          "Local Dirtied Blocks": 0,
          "Local Written Blocks": 0,
          "Temp Read Blocks": 0,
          "Temp Written Blocks": 0,
          "Plans": [
            {
              "Node Type": "Values Scan",
              "Parent Relationship": "Outer",
              "Parallel Aware": false,
              "Async Capable": false,
              "Alias": "*VALUES*_1",
              "Startup Cost": 0.00,
              "Total Cost": 0.03,
              "Plan Rows": 2,
              "Plan Width": 4,
              "Actual Startup Time": 0.000,
              "Actual Total Time": 0.001,
              "Actual Rows": 2,
              "Actual Loops": 4,
              "Shared Hit Blocks": 0,
              "Shared Read Blocks": 0,
              "Shared Dirtied Blocks": 0,
              "Shared Written Blocks": 0,
              "Local Hit Blocks": 0,
              "Local Read Blocks": 0,
              "Local Dirtied Blocks": 0,
              "Local Written Blocks": 0,
              "Temp Read Blocks": 0,
              "Temp Written Blocks": 0
            }
          ]
        },
        {
          "Node Type": "Aggregate",
          "Strategy": "Plain",
          "Partial Mode": "Simple",
          "Parent Relationship": "SubPlan",
          "Subplan Name": "SubPlan 3",
          "Parallel Aware": false,
          "Async Capable": false,
          "Startup Cost": 0.03,
          "Total Cost": 0.04,
          "Plan Rows": 1,
          "Plan Width": 32,
          "Actual Startup Time": 0.002,
          "Actual Total Time": 0.003,
          "Actual Rows": 1,
          "Actual Loops": 1,
          "Shared Hit Blocks": 0,
          "Shared Read Blocks": 0,
          "Shared Dirtied Blocks": 0,
          "Shared Written Blocks": 0,
          "Local Hit Blocks": 0,
          "Local Read Blocks": 0,
          "Local Dirtied Blocks": 0,
          "Local Written Blocks": 0,
          "Temp Read Blocks": 0,
          "Temp Written Blocks": 0,
          "Plans": [
            {
              "Node Type": "Values Scan",
              "Parent Relationship": "Outer",
              "Parallel Aware": false,
              "Async Capable": false,
              "Alias": "*VALUES*_2",
              "Startup Cost": 0.00,
              "Total Cost": 0.03,
              "Plan Rows": 2,
              "Plan Width": 4,
              "Actual Startup Time": 0.000,
              "Actual Total Time": 0.001,
              "Actual Rows": 2,
              "Actual Loops": 1,
              "Shared Hit Blocks": 0,
              "Shared Read Blocks": 0,
              "Shared Dirtied Blocks": 0,
              "Shared Written Blocks": 0,
              "Local Hit Blocks": 0,
              "Local Read Blocks": 0,
              "Local Dirtied Blocks": 0,
              "Local Written Blocks": 0,
              "Temp Read Blocks": 0,
              "Temp Written Blocks": 0
            }
          ]
        },
        {
          "Node Type": "Aggregate",
          "Strategy": "Plain",
          "Partial Mode": "Simple",
          "Parent Relationship": "SubPlan",
          "Subplan Name": "SubPlan 4",
          "Parallel Aware": false,
          "Async Capable": false,
          "Startup Cost": 0.03,
          "Total Cost": 0.04,
          "Plan Rows": 1,
          "Plan Width": 32,
          "Actual Startup Time": 0.002,
          "Actual Total Time": 0.002,
          "Actual Rows": 1,
          "Actual Loops": 4,
          "Shared Hit Blocks": 0,
          "Shared Read Blocks": 0,
          "Shared Dirtied Blocks": 0,
          "Shared Written Blocks": 0,
          "Local Hit Blocks": 0,
          "Local Read Blocks": 0,
          "Local Dirtied Blocks": 0,
          "Local Written Blocks": 0,
          "Temp Read Blocks": 0,
          "Temp Written Blocks": 0,
          "Plans": [
            {
              "Node Type": "Values Scan",
              "Parent Relationship": "Outer",
              "Parallel Aware": false,
              "Async Capable": false,
              "Alias": "*VALUES*_3",
              "Startup Cost": 0.00,
              "Total Cost": 0.03,
              "Plan Rows": 2,
              "Plan Width": 4,
              "Actual Startup Time": 0.000,
              "Actual Total Time": 0.001,
              "Actual Rows": 2,
              "Actual Loops": 4,
              "Shared Hit Blocks": 0,
              "Shared Read Blocks": 0,
              "Shared Dirtied Blocks": 0,
              "Shared Written Blocks": 0,
              "Local Hit Blocks": 0,
              "Local Read Blocks": 0,
              "Local Dirtied Blocks": 0,
              "Local Written Blocks": 0,
              "Temp Read Blocks": 0,
              "Temp Written Blocks": 0
            }
          ]
        }
      ]
    },
    "Planning": {
      "Shared Hit Blocks": 52,
      "Shared Read Blocks": 0,
      "Shared Dirtied Blocks": 0,
      "Shared Written Blocks": 0,
      "Local Hit Blocks": 0,
      "Local Read Blocks": 0,
      "Local Dirtied Blocks": 0,
      "Local Written Blocks": 0,
      "Temp Read Blocks": 0,
      "Temp Written Blocks": 0
    },
    "Triggers": [
    ]
  }
]
