[
  {
    "Plan": {
      "Node Type": "Nested Loop",
      "Parallel Aware": false,
      "Async Capable": false,
      "Join Type": "Left",
      "Startup Cost": 14.70,
      "Total Cost": 40.96,
      "Plan Rows": 5,
      "Plan Width": 202,
      "Actual Startup Time": 0.070,
      "Actual Total Time": 0.098,
      "Actual Rows": 5,
      "Actual Loops": 1,
      "Inner Unique": true,
      "Join Filter": "(a2.question_id = a1.question_id)",
      "Rows Removed by Join Filter": 12,
      "Shared Hit Blocks": 5,
      "Shared Read Blocks": 0,
      "Shared Dirtied Blocks": 0,
      "Shared Written Blocks": 0,
      "Local Hit Blocks": 0,
      "Local Read Blocks": 0,
      "Local Dirtied Blocks": 0,
      "Local Written Blocks": 0,
      "Temp Read Blocks": 0,
      "Temp Written Blocks": 0,
      "Plans": [
        {
          "Node Type": "Hash Join",
          "Parent Relationship": "Outer",
          "Parallel Aware": false,
          "Async Capable": false,
          "Join Type": "Right",
          "Startup Cost": 10.51,
          "Total Cost": 29.99,
          "Plan Rows": 5,
          "Plan Width": 171,
          "Actual Startup Time": 0.056,
          "Actual Total Time": 0.068,
          "Actual Rows": 5,
          "Actual Loops": 1,
          "Inner Unique": true,
          "Hash Cond": "(q.id = a1.question_id)",
          "Shared Hit Blocks": 3,
          "Shared Read Blocks": 0,
          "Shared Dirtied Blocks": 0,
          "Shared Written Blocks": 0,
          "Local Hit Blocks": 0,
          "Local Read Blocks": 0,
          "Local Dirtied Blocks": 0,
          "Local Written Blocks": 0,
          "Temp Read Blocks": 0,
          "Temp Written Blocks": 0,
          "Plans": [
            {
              "Node Type": "Seq Scan",
              "Parent Relationship": "Outer",
              "Parallel Aware": false,
              "Async Capable": false,
              "Relation Name": "questions",
              "Alias": "q",
              "Startup Cost": 0.00,
              "Total Cost": 17.50,
              "Plan Rows": 750,
              "Plan Width": 80,
              "Actual Startup Time": 0.023,
              "Actual Total Time": 0.025,
              "Actual Rows": 11,
              "Actual Loops": 1,
              "Shared Hit Blocks": 1,
              "Shared Read Blocks": 0,
              "Shared Dirtied Blocks": 0,
              "Shared Written Blocks": 0,
              "Local Hit Blocks": 0,
              "Local Read Blocks": 0,
              "Local Dirtied Blocks": 0,
              "Local Written Blocks": 0,
              "Temp Read Blocks": 0,
              "Temp Written Blocks": 0
            },
            {
              "Node Type": "Hash",
              "Parent Relationship": "Inner",
              "Parallel Aware": false,
              "Async Capable": false,
              "Startup Cost": 10.45,
              "Total Cost": 10.45,
              "Plan Rows": 5,
              "Plan Width": 91,
              "Actual Startup Time": 0.024,
              "Actual Total Time": 0.025,
              "Actual Rows": 5,
              "Actual Loops": 1,
              "Hash Buckets": 1024,
              "Original Hash Buckets": 1024,
              "Hash Batches": 1,
              "Original Hash Batches": 1,
              "Peak Memory Usage": 9,
              "Shared Hit Blocks": 2,
              "Shared Read Blocks": 0,
              "Shared Dirtied Blocks": 0,
              "Shared Written Blocks": 0,
              "Local Hit Blocks": 0,
              "Local Read Blocks": 0,
              "Local Dirtied Blocks": 0,
              "Local Written Blocks": 0,
              "Temp Read Blocks": 0,
              "Temp Written Blocks": 0,
              "Plans": [
                {
                  "Node Type": "Bitmap Heap Scan",
                  "Parent Relationship": "Outer",
                  "Parallel Aware": false,
                  "Async Capable": false,
                  "Relation Name": "answers",
                  "Alias": "a1",
                  "Startup Cost": 4.19,
                  "Total Cost": 10.45,
                  "Plan Rows": 5,
                  "Plan Width": 91,
                  "Actual Startup Time": 0.014,
                  "Actual Total Time": 0.017,
                  "Actual Rows": 5,
                  "Actual Loops": 1,
                  "Recheck Cond": "(profile_id = 1)",
                  "Rows Removed by Index Recheck": 0,
                  "Exact Heap Blocks": 1,
                  "Lossy Heap Blocks": 0,
                  "Shared Hit Blocks": 2,
                  "Shared Read Blocks": 0,
                  "Shared Dirtied Blocks": 0,
                  "Shared Written Blocks": 0,
                  "Local Hit Blocks": 0,
                  "Local Read Blocks": 0,
                  "Local Dirtied Blocks": 0,
                  "Local Written Blocks": 0,
                  "Temp Read Blocks": 0,
                  "Temp Written Blocks": 0,
                  "Plans": [
                    {
                      "Node Type": "Bitmap Index Scan",
                      "Parent Relationship": "Outer",
                      "Parallel Aware": false,
                      "Async Capable": false,
                      "Index Name": "IDX_f5d7c43148a6a0d2eeef12e605",
                      "Startup Cost": 0.00,
                      "Total Cost": 4.18,
                      "Plan Rows": 5,
                      "Plan Width": 0,
                      "Actual Startup Time": 0.007,
                      "Actual Total Time": 0.007,
                      "Actual Rows": 5,
                      "Actual Loops": 1,
                      "Index Cond": "(profile_id = 1)",
                      "Shared Hit Blocks": 1,
                      "Shared Read Blocks": 0,
                      "Shared Dirtied Blocks": 0,
                      "Shared Written Blocks": 0,
                      "Local Hit Blocks": 0,
                      "Local Read Blocks": 0,
                      "Local Dirtied Blocks": 0,
                      "Local Written Blocks": 0,
                      "Temp Read Blocks": 0,
                      "Temp Written Blocks": 0
                    }
                  ]
                }
              ]
            }
          ]
        },
        {
          "Node Type": "Materialize",
          "Parent Relationship": "Inner",
          "Parallel Aware": false,
          "Async Capable": false,
          "Startup Cost": 4.19,
          "Total Cost": 10.48,
          "Plan Rows": 5,
          "Plan Width": 91,
          "Actual Startup Time": 0.002,
          "Actual Total Time": 0.003,
          "Actual Rows": 3,
          "Actual Loops": 5,
          "Shared Hit Blocks": 2,
          "Shared Read Blocks": 0,
          "Shared Dirtied Blocks": 0,
          "Shared Written Blocks": 0,
          "Local Hit Blocks": 0,
          "Local Read Blocks": 0,
          "Local Dirtied Blocks": 0,
          "Local Written Blocks": 0,
          "Temp Read Blocks": 0,
          "Temp Written Blocks": 0,
          "Plans": [
            {
              "Node Type": "Bitmap Heap Scan",
              "Parent Relationship": "Outer",
              "Parallel Aware": false,
              "Async Capable": false,
              "Relation Name": "answers",
              "Alias": "a2",
              "Startup Cost": 4.19,
              "Total Cost": 10.45,
              "Plan Rows": 5,
              "Plan Width": 91,
              "Actual Startup Time": 0.006,
              "Actual Total Time": 0.008,
              "Actual Rows": 5,
              "Actual Loops": 1,
              "Recheck Cond": "(profile_id = 2)",
              "Rows Removed by Index Recheck": 0,
              "Exact Heap Blocks": 1,
              "Lossy Heap Blocks": 0,
              "Shared Hit Blocks": 2,
              "Shared Read Blocks": 0,
              "Shared Dirtied Blocks": 0,
              "Shared Written Blocks": 0,
              "Local Hit Blocks": 0,
              "Local Read Blocks": 0,
              "Local Dirtied Blocks": 0,
              "Local Written Blocks": 0,
              "Temp Read Blocks": 0,
              "Temp Written Blocks": 0,
              "Plans": [
                {
                  "Node Type": "Bitmap Index Scan",
                  "Parent Relationship": "Outer",
                  "Parallel Aware": false,
                  "Async Capable": false,
                  "Index Name": "IDX_f5d7c43148a6a0d2eeef12e605",
                  "Startup Cost": 0.00,
                  "Total Cost": 4.18,
                  "Plan Rows": 5,
                  "Plan Width": 0,
                  "Actual Startup Time": 0.003,
                  "Actual Total Time": 0.003,
                  "Actual Rows": 5,
                  "Actual Loops": 1,
                  "Index Cond": "(profile_id = 2)",
                  "Shared Hit Blocks": 1,
                  "Shared Read Blocks": 0,
                  "Shared Dirtied Blocks": 0,
                  "Shared Written Blocks": 0,
                  "Local Hit Blocks": 0,
                  "Local Read Blocks": 0,
                  "Local Dirtied Blocks": 0,
                  "Local Written Blocks": 0,
                  "Temp Read Blocks": 0,
                  "Temp Written Blocks": 0
                }
              ]
            }
          ]
        }
      ]
    },
    "Planning": {
      "Shared Hit Blocks": 29,
      "Shared Read Blocks": 0,
      "Shared Dirtied Blocks": 0,
      "Shared Written Blocks": 0,
      "Local Hit Blocks": 0,
      "Local Read Blocks": 0,
      "Local Dirtied Blocks": 0,
      "Local Written Blocks": 0,
      "Temp Read Blocks": 0,
      "Temp Written Blocks": 0
    },
    "Triggers": [
    ]
  }
]
