[
  {
    "Plan": {
      "Node Type": "Sort",
      "Parallel Aware": false,
      "Async Capable": false,
      "Startup Cost": 157.18,
      "Total Cost": 159.68,
      "Plan Rows": 1000,
      "Plan Width": 56,
      "Actual Startup Time": 0.231,
      "Actual Total Time": 0.238,
      "Actual Rows": 31,
      "Actual Loops": 1,
      "Sort Key": ["data.timeseries", "data.str"],
      "Sort Method": "quicksort",
      "Sort Space Used": 27,
      "Sort Space Type": "Memory",
      "Shared Hit Blocks": 3,
      "Shared Read Blocks": 0,
      "Shared Dirtied Blocks": 0,
      "Shared Written Blocks": 0,
      "Local Hit Blocks": 0,
      "Local Read Blocks": 0,
      "Local Dirtied Blocks": 0,
      "Local Written Blocks": 0,
      "Temp Read Blocks": 0,
      "Temp Written Blocks": 0,
      "Plans": [
        {
          "Node Type": "Subquery Scan",
          "Parent Relationship": "InitPlan",
          "Subplan Name": "CTE data",
          "Parallel Aware": false,
          "Async Capable": false,
          "Alias": "t",
          "Startup Cost": 0.00,
          "Total Cost": 17.52,
          "Plan Rows": 1000,
          "Plan Width": 48,
          "Actual Startup Time": 0.032,
          "Actual Total Time": 0.054,
          "Actual Rows": 31,
          "Actual Loops": 1,
          "Shared Hit Blocks": 0,
          "Shared Read Blocks": 0,
          "Shared Dirtied Blocks": 0,
          "Shared Written Blocks": 0,
          "Local Hit Blocks": 0,
          "Local Read Blocks": 0,
          "Local Dirtied Blocks": 0,
          "Local Written Blocks": 0,
          "Temp Read Blocks": 0,
          "Temp Written Blocks": 0,
          "Plans": [
            {
              "Node Type": "ProjectSet",
              "Parent Relationship": "Subquery",
              "Parallel Aware": false,
              "Async Capable": false,
              "Startup Cost": 0.00,
              "Total Cost": 5.02,
              "Plan Rows": 1000,
              "Plan Width": 16,
              "Actual Startup Time": 0.030,
              "Actual Total Time": 0.042,
              "Actual Rows": 31,
              "Actual Loops": 1,
              "Shared Hit Blocks": 0,
              "Shared Read Blocks": 0,
              "Shared Dirtied Blocks": 0,
              "Shared Written Blocks": 0,
              "Local Hit Blocks": 0,
              "Local Read Blocks": 0,
              "Local Dirtied Blocks": 0,
              "Local Written Blocks": 0,
              "Temp Read Blocks": 0,
              "Temp Written Blocks": 0,
              "Plans": [
                {
                  "Node Type": "Result",
                  "Parent Relationship": "Outer",
                  "Parallel Aware": false,
                  "Async Capable": false,
                  "Startup Cost": 0.00,
                  "Total Cost": 0.01,
                  "Plan Rows": 1,
                  "Plan Width": 0,
                  "Actual Startup Time": 0.001,
                  "Actual Total Time": 0.001,
                  "Actual Rows": 1,
                  "Actual Loops": 1,
                  "Shared Hit Blocks": 0,
                  "Shared Read Blocks": 0,
                  "Shared Dirtied Blocks": 0,
                  "Shared Written Blocks": 0,
                  "Local Hit Blocks": 0,
                  "Local Read Blocks": 0,
                  "Local Dirtied Blocks": 0,
                  "Local Written Blocks": 0,
                  "Temp Read Blocks": 0,
                  "Temp Written Blocks": 0
                }
              ]
            }
          ]
        },
        {
          "Node Type": "WindowAgg",
          "Parent Relationship": "Outer",
          "Parallel Aware": false,
          "Async Capable": false,
          "Startup Cost": 69.83,
          "Total Cost": 89.83,
          "Plan Rows": 1000,
          "Plan Width": 56,
          "Actual Startup Time": 0.129,
          "Actual Total Time": 0.199,
          "Actual Rows": 31,
          "Actual Loops": 1,
          "Shared Hit Blocks": 0,
          "Shared Read Blocks": 0,
          "Shared Dirtied Blocks": 0,
          "Shared Written Blocks": 0,
          "Local Hit Blocks": 0,
          "Local Read Blocks": 0,
          "Local Dirtied Blocks": 0,
          "Local Written Blocks": 0,
          "Temp Read Blocks": 0,
          "Temp Written Blocks": 0,
          "Plans": [
            {
              "Node Type": "Sort",
              "Parent Relationship": "Outer",
              "Parallel Aware": false,
              "Async Capable": false,
              "Startup Cost": 69.83,
              "Total Cost": 72.33,
              "Plan Rows": 1000,
              "Plan Width": 48,
              "Actual Startup Time": 0.118,
              "Actual Total Time": 0.122,
              "Actual Rows": 31,
              "Actual Loops": 1,
              "Sort Key": ["data.str", "data.timeseries"],
              "Sort Method": "quicksort",
              "Sort Space Used": 27,
              "Sort Space Type": "Memory",
              "Shared Hit Blocks": 0,
              "Shared Read Blocks": 0,
              "Shared Dirtied Blocks": 0,
              "Shared Written Blocks": 0,
              "Local Hit Blocks": 0,
              "Local Read Blocks": 0,
              "Local Dirtied Blocks": 0,
              "Local Written Blocks": 0,
              "Temp Read Blocks": 0,
              "Temp Written Blocks": 0,
              "Plans": [
                {
                  "Node Type": "CTE Scan",
                  "Parent Relationship": "Outer",
                  "Parallel Aware": false,
                  "Async Capable": false,
                  "CTE Name": "data",
                  "Alias": "data",
                  "Startup Cost": 0.00,
                  "Total Cost": 20.00,
                  "Plan Rows": 1000,
                  "Plan Width": 48,
                  "Actual Startup Time": 0.036,
                  "Actual Total Time": 0.078,
                  "Actual Rows": 31,
                  "Actual Loops": 1,
                  "Shared Hit Blocks": 0,
                  "Shared Read Blocks": 0,
                  "Shared Dirtied Blocks": 0,
                  "Shared Written Blocks": 0,
                  "Local Hit Blocks": 0,
                  "Local Read Blocks": 0,
                  "Local Dirtied Blocks": 0,
                  "Local Written Blocks": 0,
                  "Temp Read Blocks": 0,
                  "Temp Written Blocks": 0
                }
              ]
            }
          ]
        }
      ]
    },
    "Planning": {
      "Shared Hit Blocks": 4,
      "Shared Read Blocks": 0,
      "Shared Dirtied Blocks": 0,
      "Shared Written Blocks": 0,
      "Local Hit Blocks": 0,
      "Local Read Blocks": 0,
      "Local Dirtied Blocks": 0,
      "Local Written Blocks": 0,
      "Temp Read Blocks": 0,
      "Temp Written Blocks": 0
    },
    "Triggers": [
    ]
  }
]
