[
  {
    "Plan": {
      "Node Type": "Subquery Scan",
      "Parallel Aware": false,
      "Async Capable": false,
      "Alias": "sales_by_store",
      "Startup Cost": 2037.18,
      "Total Cost": 2263.87,
      "Plan Rows": 6477,
      "Plan Width": 0,
      "Actual Startup Time": 189.384,
      "Actual Total Time": 201.675,
      "Actual Rows": 2,
      "Actual Loops": 1,
      "Shared Hit Blocks": 462,
      "Shared Read Blocks": 0,
      "Shared Dirtied Blocks": 0,
      "Shared Written Blocks": 0,
      "Local Hit Blocks": 0,
      "Local Read Blocks": 0,
      "Local Dirtied Blocks": 0,
      "Local Written Blocks": 0,
      "Temp Read Blocks": 0,
      "Temp Written Blocks": 0,
      "Plans": [
        {
          "Node Type": "Aggregate",
          "Strategy": "Sorted",
          "Partial Mode": "Simple",
          "Parent Relationship": "Subquery",
          "Parallel Aware": false,
          "Async Capable": false,
          "Startup Cost": 2037.18,
          "Total Cost": 2199.10,
          "Plan Rows": 6477,
          "Plan Width": 182,
          "Actual Startup Time": 189.383,
          "Actual Total Time": 201.671,
          "Actual Rows": 2,
          "Actual Loops": 1,
          "Group Key": ["cy.country", "c.city", "s.store_id", "m.first_name", "m.last_name"],
          "Shared Hit Blocks": 462,
          "Shared Read Blocks": 0,
          "Shared Dirtied Blocks": 0,
          "Shared Written Blocks": 0,
          "Local Hit Blocks": 0,
          "Local Read Blocks": 0,
          "Local Dirtied Blocks": 0,
          "Local Written Blocks": 0,
          "Temp Read Blocks": 0,
          "Temp Written Blocks": 0,
          "Plans": [
            {
              "Node Type": "Sort",
              "Parent Relationship": "Outer",
              "Parallel Aware": false,
              "Async Capable": false,
              "Startup Cost": 2037.18,
              "Total Cost": 2053.37,
              "Plan Rows": 6477,
              "Plan Width": 86,
              "Actual Startup Time": 177.542,
              "Actual Total Time": 183.623,
              "Actual Rows": 32098,
              "Actual Loops": 1,
              "Sort Key": ["cy.country", "c.city", "s.store_id", "m.first_name", "m.last_name"],
              "Sort Method": "quicksort",
              "Sort Space Used": 3276,
              "Sort Space Type": "Memory",
              "Shared Hit Blocks": 462,
              "Shared Read Blocks": 0,
              "Shared Dirtied Blocks": 0,
              "Shared Written Blocks": 0,
              "Local Hit Blocks": 0,
              "Local Read Blocks": 0,
              "Local Dirtied Blocks": 0,
              "Local Written Blocks": 0,
              "Temp Read Blocks": 0,
              "Temp Written Blocks": 0,
              "Plans": [
                {
                  "Node Type": "Hash Join",
                  "Parent Relationship": "Outer",
                  "Parallel Aware": false,
                  "Async Capable": false,
                  "Join Type": "Inner",
                  "Startup Cost": 688.72,
                  "Total Cost": 1627.15,
                  "Plan Rows": 6477,
                  "Plan Width": 86,
                  "Actual Startup Time": 37.691,
                  "Actual Total Time": 127.518,
                  "Actual Rows": 32098,
                  "Actual Loops": 1,
                  "Inner Unique": false,
                  "Hash Cond": "(p.rental_id = r.rental_id)",
                  "Shared Hit Blocks": 456,
                  "Shared Read Blocks": 0,
                  "Shared Dirtied Blocks": 0,
                  "Shared Written Blocks": 0,
                  "Local Hit Blocks": 0,
                  "Local Read Blocks": 0,
                  "Local Dirtied Blocks": 0,
                  "Local Written Blocks": 0,
                  "Temp Read Blocks": 0,
                  "Temp Written Blocks": 0,
                  "Plans": [
                    {
                      "Node Type": "Append",
                      "Parent Relationship": "Outer",
                      "Parallel Aware": false,
                      "Async Capable": false,
                      "Startup Cost": 0.00,
                      "Total Cost": 748.52,
                      "Plan Rows": 33368,
                      "Plan Width": 4,
                      "Actual Startup Time": 0.032,
                      "Actual Total Time": 36.055,
                      "Actual Rows": 32098,
                      "Actual Loops": 1,
                      "Shared Hit Blocks": 238,
                      "Shared Read Blocks": 0,
                      "Shared Dirtied Blocks": 0,
                      "Shared Written Blocks": 0,
                      "Local Hit Blocks": 0,
                      "Local Read Blocks": 0,
                      "Local Dirtied Blocks": 0,
                      "Local Written Blocks": 0,
                      "Temp Read Blocks": 0,
                      "Temp Written Blocks": 0,
                      "Subplans Removed": 0,
                      "Plans": [
                        {
                          "Node Type": "Seq Scan",
                          "Parent Relationship": "Member",
                          "Parallel Aware": false,
                          "Async Capable": false,
                          "Relation Name": "payment_p2020_01",
                          "Alias": "p_1",
                          "Startup Cost": 0.00,
                          "Total Cost": 41.14,
                          "Plan Rows": 2314,
                          "Plan Width": 4,
                          "Actual Startup Time": 0.031,
                          "Actual Total Time": 0.930,
                          "Actual Rows": 2314,
                          "Actual Loops": 1,
                          "Shared Hit Blocks": 18,
                          "Shared Read Blocks": 0,
                          "Shared Dirtied Blocks": 0,
                          "Shared Written Blocks": 0,
                          "Local Hit Blocks": 0,
                          "Local Read Blocks": 0,
                          "Local Dirtied Blocks": 0,
                          "Local Written Blocks": 0,
                          "Temp Read Blocks": 0,
                          "Temp Written Blocks": 0
                        },
                        {
                          "Node Type": "Seq Scan",
                          "Parent Relationship": "Member",
                          "Parallel Aware": false,
                          "Async Capable": false,
                          "Relation Name": "payment_p2020_02",
                          "Alias": "p_2",
                          "Startup Cost": 0.00,
                          "Total Cost": 80.24,
                          "Plan Rows": 4624,
                          "Plan Width": 4,
                          "Actual Startup Time": 0.024,
                          "Actual Total Time": 2.205,
                          "Actual Rows": 4624,
                          "Actual Loops": 1,
                          "Shared Hit Blocks": 34,
                          "Shared Read Blocks": 0,
                          "Shared Dirtied Blocks": 0,
                          "Shared Written Blocks": 0,
                          "Local Hit Blocks": 0,
                          "Local Read Blocks": 0,
                          "Local Dirtied Blocks": 0,
                          "Local Written Blocks": 0,
                          "Temp Read Blocks": 0,
                          "Temp Written Blocks": 0
                        },
                        {
                          "Node Type": "Seq Scan",
                          "Parent Relationship": "Member",
                          "Parallel Aware": false,
                          "Async Capable": false,
                          "Relation Name": "payment_p2020_03",
                          "Alias": "p_3",
                          "Startup Cost": 0.00,
                          "Total Cost": 195.88,
                          "Plan Rows": 11288,
                          "Plan Width": 4,
                          "Actual Startup Time": 0.085,
                          "Actual Total Time": 5.706,
                          "Actual Rows": 11288,
                          "Actual Loops": 1,
                          "Shared Hit Blocks": 83,
                          "Shared Read Blocks": 0,
                          "Shared Dirtied Blocks": 0,
                          "Shared Written Blocks": 0,
                          "Local Hit Blocks": 0,
                          "Local Read Blocks": 0,
                          "Local Dirtied Blocks": 0,
                          "Local Written Blocks": 0,
                          "Temp Read Blocks": 0,
                          "Temp Written Blocks": 0
                        },
                        {
                          "Node Type": "Seq Scan",
                          "Parent Relationship": "Member",
                          "Parallel Aware": false,
                          "Async Capable": false,
                          "Relation Name": "payment_p2020_04",
                          "Alias": "p_4",
                          "Startup Cost": 0.00,
                          "Total Cost": 235.08,
                          "Plan Rows": 13508,
                          "Plan Width": 4,
                          "Actual Startup Time": 0.025,
                          "Actual Total Time": 20.902,
                          "Actual Rows": 13508,
                          "Actual Loops": 1,
                          "Shared Hit Blocks": 100,
                          "Shared Read Blocks": 0,
                          "Shared Dirtied Blocks": 0,
                          "Shared Written Blocks": 0,
                          "Local Hit Blocks": 0,
                          "Local Read Blocks": 0,
                          "Local Dirtied Blocks": 0,
                          "Local Written Blocks": 0,
                          "Temp Read Blocks": 0,
                          "Temp Written Blocks": 0
                        },
                        {
                          "Node Type": "Seq Scan",
                          "Parent Relationship": "Member",
                          "Parallel Aware": false,
                          "Async Capable": false,
                          "Relation Name": "payment_p2020_05",
                          "Alias": "p_5",
                          "Startup Cost": 0.00,
                          "Total Cost": 6.64,
                          "Plan Rows": 364,
                          "Plan Width": 4,
                          "Actual Startup Time": 0.021,
                          "Actual Total Time": 0.080,
                          "Actual Rows": 364,
                          "Actual Loops": 1,
                          "Shared Hit Blocks": 3,
                          "Shared Read Blocks": 0,
                          "Shared Dirtied Blocks": 0,
                          "Shared Written Blocks": 0,
                          "Local Hit Blocks": 0,
                          "Local Read Blocks": 0,
                          "Local Dirtied Blocks": 0,
                          "Local Written Blocks": 0,
                          "Temp Read Blocks": 0,
                          "Temp Written Blocks": 0
                        },
                        {
                          "Node Type": "Seq Scan",
                          "Parent Relationship": "Member",
                          "Parallel Aware": false,
                          "Async Capable": false,
                          "Relation Name": "payment_p2020_06",
                          "Alias": "p_6",
                          "Startup Cost": 0.00,
                          "Total Cost": 22.70,
                          "Plan Rows": 1270,
                          "Plan Width": 4,
                          "Actual Startup Time": 0.003,
                          "Actual Total Time": 0.004,
                          "Actual Rows": 0,
                          "Actual Loops": 1,
                          "Shared Hit Blocks": 0,
                          "Shared Read Blocks": 0,
                          "Shared Dirtied Blocks": 0,
                          "Shared Written Blocks": 0,
                          "Local Hit Blocks": 0,
                          "Local Read Blocks": 0,
                          "Local Dirtied Blocks": 0,
                          "Local Written Blocks": 0,
                          "Temp Read Blocks": 0,
                          "Temp Written Blocks": 0
                        }
                      ]
                    },
                    {
                      "Node Type": "Hash",
                      "Parent Relationship": "Inner",
                      "Parallel Aware": false,
                      "Async Capable": false,
                      "Startup Cost": 647.70,
                      "Total Cost": 647.70,
                      "Plan Rows": 3281,
                      "Plan Width": 90,
                      "Actual Startup Time": 37.642,
                      "Actual Total Time": 37.655,
                      "Actual Rows": 16044,
                      "Actual Loops": 1,
                      "Hash Buckets": 16384,
                      "Original Hash Buckets": 4096,
                      "Hash Batches": 1,
                      "Original Hash Batches": 1,
                      "Peak Memory Usage": 1257,
                      "Shared Hit Blocks": 218,
                      "Shared Read Blocks": 0,
                      "Shared Dirtied Blocks": 0,
                      "Shared Written Blocks": 0,
                      "Local Hit Blocks": 0,
                      "Local Read Blocks": 0,
                      "Local Dirtied Blocks": 0,
                      "Local Written Blocks": 0,
                      "Temp Read Blocks": 0,
                      "Temp Written Blocks": 0,
                      "Plans": [
                        {
                          "Node Type": "Hash Join",
                          "Parent Relationship": "Outer",
                          "Parallel Aware": false,
                          "Async Capable": false,
                          "Join Type": "Inner",
                          "Startup Cost": 226.19,
                          "Total Cost": 647.70,
                          "Plan Rows": 3281,
                          "Plan Width": 90,
                          "Actual Startup Time": 8.511,
                          "Actual Total Time": 27.236,
                          "Actual Rows": 16044,
                          "Actual Loops": 1,
                          "Inner Unique": false,
                          "Hash Cond": "(r.inventory_id = i.inventory_id)",
                          "Shared Hit Blocks": 218,
                          "Shared Read Blocks": 0,
                          "Shared Dirtied Blocks": 0,
                          "Shared Written Blocks": 0,
                          "Local Hit Blocks": 0,
                          "Local Read Blocks": 0,
                          "Local Dirtied Blocks": 0,
                          "Local Written Blocks": 0,
                          "Temp Read Blocks": 0,
                          "Temp Written Blocks": 0,
                          "Plans": [
                            {
                              "Node Type": "Seq Scan",
                              "Parent Relationship": "Outer",
                              "Parallel Aware": false,
                              "Async Capable": false,
                              "Relation Name": "rental",
                              "Alias": "r",
                              "Startup Cost": 0.00,
                              "Total Cost": 327.00,
                              "Plan Rows": 16900,
                              "Plan Width": 8,
                              "Actual Startup Time": 0.008,
                              "Actual Total Time": 3.552,
                              "Actual Rows": 16044,
                              "Actual Loops": 1,
                              "Shared Hit Blocks": 158,
                              "Shared Read Blocks": 0,
                              "Shared Dirtied Blocks": 0,
                              "Shared Written Blocks": 0,
                              "Local Hit Blocks": 0,
                              "Local Read Blocks": 0,
                              "Local Dirtied Blocks": 0,
                              "Local Written Blocks": 0,
                              "Temp Read Blocks": 0,
                              "Temp Written Blocks": 0
                            },
                            {
                              "Node Type": "Hash",
                              "Parent Relationship": "Inner",
                              "Parallel Aware": false,
                              "Async Capable": false,
                              "Startup Cost": 215.08,
                              "Total Cost": 215.08,
                              "Plan Rows": 889,
                              "Plan Width": 90,
                              "Actual Startup Time": 8.486,
                              "Actual Total Time": 8.498,
                              "Actual Rows": 4581,
                              "Actual Loops": 1,
                              "Hash Buckets": 8192,
                              "Original Hash Buckets": 1024,
                              "Hash Batches": 1,
                              "Original Hash Batches": 1,
                              "Peak Memory Usage": 387,
                              "Shared Hit Blocks": 60,
                              "Shared Read Blocks": 0,
                              "Shared Dirtied Blocks": 0,
                              "Shared Written Blocks": 0,
                              "Local Hit Blocks": 0,
                              "Local Read Blocks": 0,
                              "Local Dirtied Blocks": 0,
                              "Local Written Blocks": 0,
                              "Temp Read Blocks": 0,
                              "Temp Written Blocks": 0,
                              "Plans": [
                                {
                                  "Node Type": "Hash Join",
                                  "Parent Relationship": "Outer",
                                  "Parallel Aware": false,
                                  "Async Capable": false,
                                  "Join Type": "Inner",
                                  "Startup Cost": 113.20,
                                  "Total Cost": 215.08,
                                  "Plan Rows": 889,
                                  "Plan Width": 90,
                                  "Actual Startup Time": 1.364,
                                  "Actual Total Time": 5.585,
                                  "Actual Rows": 4581,
                                  "Actual Loops": 1,
                                  "Inner Unique": false,
                                  "Hash Cond": "(i.store_id = s.store_id)",
                                  "Shared Hit Blocks": 60,
                                  "Shared Read Blocks": 0,
                                  "Shared Dirtied Blocks": 0,
                                  "Shared Written Blocks": 0,
                                  "Local Hit Blocks": 0,
                                  "Local Read Blocks": 0,
                                  "Local Dirtied Blocks": 0,
                                  "Local Written Blocks": 0,
                                  "Temp Read Blocks": 0,
                                  "Temp Written Blocks": 0,
                                  "Plans": [
                                    {
                                      "Node Type": "Seq Scan",
                                      "Parent Relationship": "Outer",
                                      "Parallel Aware": false,
                                      "Async Capable": false,
                                      "Relation Name": "inventory",
                                      "Alias": "i",
                                      "Startup Cost": 0.00,
                                      "Total Cost": 75.81,
                                      "Plan Rows": 4581,
                                      "Plan Width": 8,
                                      "Actual Startup Time": 0.008,
                                      "Actual Total Time": 0.965,
                                      "Actual Rows": 4581,
                                      "Actual Loops": 1,
                                      "Shared Hit Blocks": 30,
                                      "Shared Read Blocks": 0,
                                      "Shared Dirtied Blocks": 0,
                                      "Shared Written Blocks": 0,
                                      "Local Hit Blocks": 0,
                                      "Local Read Blocks": 0,
                                      "Local Dirtied Blocks": 0,
                                      "Local Written Blocks": 0,
                                      "Temp Read Blocks": 0,
                                      "Temp Written Blocks": 0
                                    },
                                    {
                                      "Node Type": "Hash",
                                      "Parent Relationship": "Inner",
                                      "Parallel Aware": false,
                                      "Async Capable": false,
                                      "Startup Cost": 109.07,
                                      "Total Cost": 109.07,
                                      "Plan Rows": 330,
                                      "Plan Width": 86,
                                      "Actual Startup Time": 1.344,
                                      "Actual Total Time": 1.354,
                                      "Actual Rows": 2,
                                      "Actual Loops": 1,
                                      "Hash Buckets": 1024,
                                      "Original Hash Buckets": 1024,
                                      "Hash Batches": 1,
                                      "Original Hash Batches": 1,
                                      "Peak Memory Usage": 9,
                                      "Shared Hit Blocks": 30,
                                      "Shared Read Blocks": 0,
                                      "Shared Dirtied Blocks": 0,
                                      "Shared Written Blocks": 0,
                                      "Local Hit Blocks": 0,
                                      "Local Read Blocks": 0,
                                      "Local Dirtied Blocks": 0,
                                      "Local Written Blocks": 0,
                                      "Temp Read Blocks": 0,
                                      "Temp Written Blocks": 0,
                                      "Plans": [
                                        {
                                          "Node Type": "Hash Join",
                                          "Parent Relationship": "Outer",
                                          "Parallel Aware": false,
                                          "Async Capable": false,
                                          "Join Type": "Inner",
                                          "Startup Cost": 74.95,
                                          "Total Cost": 109.07,
                                          "Plan Rows": 330,
                                          "Plan Width": 86,
                                          "Actual Startup Time": 1.324,
                                          "Actual Total Time": 1.338,
                                          "Actual Rows": 2,
                                          "Actual Loops": 1,
                                          "Inner Unique": true,
                                          "Hash Cond": "(c.country_id = cy.country_id)",
                                          "Shared Hit Blocks": 30,
                                          "Shared Read Blocks": 0,
                                          "Shared Dirtied Blocks": 0,
                                          "Shared Written Blocks": 0,
                                          "Local Hit Blocks": 0,
                                          "Local Read Blocks": 0,
                                          "Local Dirtied Blocks": 0,
                                          "Local Written Blocks": 0,
                                          "Temp Read Blocks": 0,
                                          "Temp Written Blocks": 0,
                                          "Plans": [
                                            {
                                              "Node Type": "Hash Join",
                                              "Parent Relationship": "Outer",
                                              "Parallel Aware": false,
                                              "Async Capable": false,
                                              "Join Type": "Inner",
                                              "Startup Cost": 71.49,
                                              "Total Cost": 104.72,
                                              "Plan Rows": 330,
                                              "Plan Width": 81,
                                              "Actual Startup Time": 1.210,
                                              "Actual Total Time": 1.222,
                                              "Actual Rows": 2,
                                              "Actual Loops": 1,
                                              "Inner Unique": true,
                                              "Hash Cond": "(a.city_id = c.city_id)",
                                              "Shared Hit Blocks": 29,
                                              "Shared Read Blocks": 0,
                                              "Shared Dirtied Blocks": 0,
                                              "Shared Written Blocks": 0,
                                              "Local Hit Blocks": 0,
                                              "Local Read Blocks": 0,
                                              "Local Dirtied Blocks": 0,
                                              "Local Written Blocks": 0,
                                              "Temp Read Blocks": 0,
                                              "Temp Written Blocks": 0,
                                              "Plans": [
                                                {
                                                  "Node Type": "Hash Join",
                                                  "Parent Relationship": "Outer",
                                                  "Parallel Aware": false,
                                                  "Async Capable": false,
                                                  "Join Type": "Inner",
                                                  "Startup Cost": 52.99,
                                                  "Total Cost": 85.34,
                                                  "Plan Rows": 330,
                                                  "Plan Width": 72,
                                                  "Actual Startup Time": 0.673,
                                                  "Actual Total Time": 0.682,
                                                  "Actual Rows": 2,
                                                  "Actual Loops": 1,
                                                  "Inner Unique": true,
                                                  "Hash Cond": "(s.address_id = a.address_id)",
                                                  "Shared Hit Blocks": 24,
                                                  "Shared Read Blocks": 0,
                                                  "Shared Dirtied Blocks": 0,
                                                  "Shared Written Blocks": 0,
                                                  "Local Hit Blocks": 0,
                                                  "Local Read Blocks": 0,
                                                  "Local Dirtied Blocks": 0,
                                                  "Local Written Blocks": 0,
                                                  "Temp Read Blocks": 0,
                                                  "Temp Written Blocks": 0,
                                                  "Plans": [
                                                    {
                                                      "Node Type": "Hash Join",
                                                      "Parent Relationship": "Outer",
                                                      "Parallel Aware": false,
                                                      "Async Capable": false,
                                                      "Join Type": "Inner",
                                                      "Startup Cost": 17.43,
                                                      "Total Cost": 48.90,
                                                      "Plan Rows": 330,
                                                      "Plan Width": 72,
                                                      "Actual Startup Time": 0.058,
                                                      "Actual Total Time": 0.064,
                                                      "Actual Rows": 2,
                                                      "Actual Loops": 1,
                                                      "Inner Unique": true,
                                                      "Hash Cond": "(s.manager_staff_id = m.staff_id)",
                                                      "Shared Hit Blocks": 2,
                                                      "Shared Read Blocks": 0,
                                                      "Shared Dirtied Blocks": 0,
                                                      "Shared Written Blocks": 0,
                                                      "Local Hit Blocks": 0,
                                                      "Local Read Blocks": 0,
                                                      "Local Dirtied Blocks": 0,
                                                      "Local Written Blocks": 0,
                                                      "Temp Read Blocks": 0,
                                                      "Temp Written Blocks": 0,
                                                      "Plans": [
                                                        {
                                                          "Node Type": "Seq Scan",
                                                          "Parent Relationship": "Outer",
                                                          "Parallel Aware": false,
                                                          "Async Capable": false,
                                                          "Relation Name": "store",
                                                          "Alias": "s",
                                                          "Startup Cost": 0.00,
                                                          "Total Cost": 27.00,
                                                          "Plan Rows": 1700,
                                                          "Plan Width": 12,
                                                          "Actual Startup Time": 0.018,
                                                          "Actual Total Time": 0.019,
                                                          "Actual Rows": 2,
                                                          "Actual Loops": 1,
                                                          "Shared Hit Blocks": 1,
                                                          "Shared Read Blocks": 0,
                                                          "Shared Dirtied Blocks": 0,
                                                          "Shared Written Blocks": 0,
                                                          "Local Hit Blocks": 0,
                                                          "Local Read Blocks": 0,
                                                          "Local Dirtied Blocks": 0,
                                                          "Local Written Blocks": 0,
                                                          "Temp Read Blocks": 0,
                                                          "Temp Written Blocks": 0
                                                        },
                                                        {
                                                          "Node Type": "Hash",
                                                          "Parent Relationship": "Inner",
                                                          "Parallel Aware": false,
                                                          "Async Capable": false,
                                                          "Startup Cost": 13.30,
                                                          "Total Cost": 13.30,
                                                          "Plan Rows": 330,
                                                          "Plan Width": 68,
                                                          "Actual Startup Time": 0.021,
                                                          "Actual Total Time": 0.023,
                                                          "Actual Rows": 2,
                                                          "Actual Loops": 1,
                                                          "Hash Buckets": 1024,
                                                          "Original Hash Buckets": 1024,
                                                          "Hash Batches": 1,
                                                          "Original Hash Batches": 1,
                                                          "Peak Memory Usage": 9,
                                                          "Shared Hit Blocks": 1,
                                                          "Shared Read Blocks": 0,
                                                          "Shared Dirtied Blocks": 0,
                                                          "Shared Written Blocks": 0,
                                                          "Local Hit Blocks": 0,
                                                          "Local Read Blocks": 0,
                                                          "Local Dirtied Blocks": 0,
                                                          "Local Written Blocks": 0,
                                                          "Temp Read Blocks": 0,
                                                          "Temp Written Blocks": 0,
                                                          "Plans": [
                                                            {
                                                              "Node Type": "Seq Scan",
                                                              "Parent Relationship": "Outer",
                                                              "Parallel Aware": false,
                                                              "Async Capable": false,
                                                              "Relation Name": "staff",
                                                              "Alias": "m",
                                                              "Startup Cost": 0.00,
                                                              "Total Cost": 13.30,
                                                              "Plan Rows": 330,
                                                              "Plan Width": 68,
                                                              "Actual Startup Time": 0.007,
                                                              "Actual Total Time": 0.009,
                                                              "Actual Rows": 2,
                                                              "Actual Loops": 1,
                                                              "Shared Hit Blocks": 1,
                                                              "Shared Read Blocks": 0,
                                                              "Shared Dirtied Blocks": 0,
                                                              "Shared Written Blocks": 0,
                                                              "Local Hit Blocks": 0,
                                                              "Local Read Blocks": 0,
                                                              "Local Dirtied Blocks": 0,
                                                              "Local Written Blocks": 0,
                                                              "Temp Read Blocks": 0,
                                                              "Temp Written Blocks": 0
                                                            }
                                                          ]
                                                        }
                                                      ]
                                                    },
                                                    {
                                                      "Node Type": "Hash",
                                                      "Parent Relationship": "Inner",
                                                      "Parallel Aware": false,
                                                      "Async Capable": false,
                                                      "Startup Cost": 28.03,
                                                      "Total Cost": 28.03,
                                                      "Plan Rows": 603,
                                                      "Plan Width": 8,
                                                      "Actual Startup Time": 0.593,
                                                      "Actual Total Time": 0.594,
                                                      "Actual Rows": 603,
                                                      "Actual Loops": 1,
                                                      "Hash Buckets": 1024,
                                                      "Original Hash Buckets": 1024,
                                                      "Hash Batches": 1,
                                                      "Original Hash Batches": 1,
                                                      "Peak Memory Usage": 32,
                                                      "Shared Hit Blocks": 22,
                                                      "Shared Read Blocks": 0,
                                                      "Shared Dirtied Blocks": 0,
                                                      "Shared Written Blocks": 0,
                                                      "Local Hit Blocks": 0,
                                                      "Local Read Blocks": 0,
                                                      "Local Dirtied Blocks": 0,
                                                      "Local Written Blocks": 0,
                                                      "Temp Read Blocks": 0,
                                                      "Temp Written Blocks": 0,
                                                      "Plans": [
                                                        {
                                                          "Node Type": "Seq Scan",
                                                          "Parent Relationship": "Outer",
                                                          "Parallel Aware": false,
                                                          "Async Capable": false,
                                                          "Relation Name": "address",
                                                          "Alias": "a",
                                                          "Startup Cost": 0.00,
                                                          "Total Cost": 28.03,
                                                          "Plan Rows": 603,
                                                          "Plan Width": 8,
                                                          "Actual Startup Time": 0.024,
                                                          "Actual Total Time": 0.319,
                                                          "Actual Rows": 603,
                                                          "Actual Loops": 1,
                                                          "Shared Hit Blocks": 22,
                                                          "Shared Read Blocks": 0,
                                                          "Shared Dirtied Blocks": 0,
                                                          "Shared Written Blocks": 0,
                                                          "Local Hit Blocks": 0,
                                                          "Local Read Blocks": 0,
                                                          "Local Dirtied Blocks": 0,
                                                          "Local Written Blocks": 0,
                                                          "Temp Read Blocks": 0,
                                                          "Temp Written Blocks": 0
                                                        }
                                                      ]
                                                    }
                                                  ]
                                                },
                                                {
                                                  "Node Type": "Hash",
                                                  "Parent Relationship": "Inner",
                                                  "Parallel Aware": false,
                                                  "Async Capable": false,
                                                  "Startup Cost": 11.00,
                                                  "Total Cost": 11.00,
                                                  "Plan Rows": 600,
                                                  "Plan Width": 17,
                                                  "Actual Startup Time": 0.528,
                                                  "Actual Total Time": 0.529,
                                                  "Actual Rows": 600,
                                                  "Actual Loops": 1,
                                                  "Hash Buckets": 1024,
                                                  "Original Hash Buckets": 1024,
                                                  "Hash Batches": 1,
                                                  "Original Hash Batches": 1,
                                                  "Peak Memory Usage": 38,
                                                  "Shared Hit Blocks": 5,
                                                  "Shared Read Blocks": 0,
                                                  "Shared Dirtied Blocks": 0,
                                                  "Shared Written Blocks": 0,
                                                  "Local Hit Blocks": 0,
                                                  "Local Read Blocks": 0,
                                                  "Local Dirtied Blocks": 0,
                                                  "Local Written Blocks": 0,
                                                  "Temp Read Blocks": 0,
                                                  "Temp Written Blocks": 0,
                                                  "Plans": [
                                                    {
                                                      "Node Type": "Seq Scan",
                                                      "Parent Relationship": "Outer",
                                                      "Parallel Aware": false,
                                                      "Async Capable": false,
                                                      "Relation Name": "city",
                                                      "Alias": "c",
                                                      "Startup Cost": 0.00,
                                                      "Total Cost": 11.00,
                                                      "Plan Rows": 600,
                                                      "Plan Width": 17,
                                                      "Actual Startup Time": 0.012,
                                                      "Actual Total Time": 0.236,
                                                      "Actual Rows": 600,
                                                      "Actual Loops": 1,
                                                      "Shared Hit Blocks": 5,
                                                      "Shared Read Blocks": 0,
                                                      "Shared Dirtied Blocks": 0,
                                                      "Shared Written Blocks": 0,
                                                      "Local Hit Blocks": 0,
                                                      "Local Read Blocks": 0,
                                                      "Local Dirtied Blocks": 0,
                                                      "Local Written Blocks": 0,
                                                      "Temp Read Blocks": 0,
                                                      "Temp Written Blocks": 0
                                                    }
                                                  ]
                                                }
                                              ]
                                            },
                                            {
                                              "Node Type": "Hash",
                                              "Parent Relationship": "Inner",
                                              "Parallel Aware": false,
                                              "Async Capable": false,
                                              "Startup Cost": 2.09,
                                              "Total Cost": 2.09,
                                              "Plan Rows": 109,
                                              "Plan Width": 13,
                                              "Actual Startup Time": 0.106,
                                              "Actual Total Time": 0.107,
                                              "Actual Rows": 109,
                                              "Actual Loops": 1,
                                              "Hash Buckets": 1024,
                                              "Original Hash Buckets": 1024,
                                              "Hash Batches": 1,
                                              "Original Hash Batches": 1,
                                              "Peak Memory Usage": 14,
                                              "Shared Hit Blocks": 1,
                                              "Shared Read Blocks": 0,
                                              "Shared Dirtied Blocks": 0,
                                              "Shared Written Blocks": 0,
                                              "Local Hit Blocks": 0,
                                              "Local Read Blocks": 0,
                                              "Local Dirtied Blocks": 0,
                                              "Local Written Blocks": 0,
                                              "Temp Read Blocks": 0,
                                              "Temp Written Blocks": 0,
                                              "Plans": [
                                                {
                                                  "Node Type": "Seq Scan",
                                                  "Parent Relationship": "Outer",
                                                  "Parallel Aware": false,
                                                  "Async Capable": false,
                                                  "Relation Name": "country",
                                                  "Alias": "cy",
                                                  "Startup Cost": 0.00,
                                                  "Total Cost": 2.09,
                                                  "Plan Rows": 109,
                                                  "Plan Width": 13,
                                                  "Actual Startup Time": 0.017,
                                                  "Actual Total Time": 0.051,
                                                  "Actual Rows": 109,
                                                  "Actual Loops": 1,
                                                  "Shared Hit Blocks": 1,
                                                  "Shared Read Blocks": 0,
                                                  "Shared Dirtied Blocks": 0,
                                                  "Shared Written Blocks": 0,
                                                  "Local Hit Blocks": 0,
                                                  "Local Read Blocks": 0,
                                                  "Local Dirtied Blocks": 0,
                                                  "Local Written Blocks": 0,
                                                  "Temp Read Blocks": 0,
                                                  "Temp Written Blocks": 0
                                                }
                                              ]
                                            }
                                          ]
                                        }
                                      ]
                                    }
                                  ]
                                }
                              ]
                            }
                          ]
                        }
                      ]
                    }
                  ]
                }
              ]
            }
          ]
        }
      ]
    },
    "Planning": {
      "Shared Hit Blocks": 62,
      "Shared Read Blocks": 0,
      "Shared Dirtied Blocks": 0,
      "Shared Written Blocks": 0,
      "Local Hit Blocks": 0,
      "Local Read Blocks": 0,
      "Local Dirtied Blocks": 0,
      "Local Written Blocks": 0,
      "Temp Read Blocks": 0,
      "Temp Written Blocks": 0
    },
    "Triggers": [
    ]
  }
]
