[
  {
    "Plan": {
      "Node Type": "Sort",
      "Parallel Aware": false,
      "Async Capable": false,
      "Startup Cost": 812.82,
      "Total Cost": 812.89,
      "Plan Rows": 31,
      "Plan Width": 8,
      "Actual Startup Time": 127.707,
      "Actual Total Time": 127.728,
      "Actual Rows": 168,
      "Actual Loops": 1,
      "Sort Key": ["\"*SELECT* 1\".n"],
      "Sort Method": "quicksort",
      "Sort Space Used": 32,
      "Sort Space Type": "Memory",
      "Shared Hit Blocks": 0,
      "Shared Read Blocks": 0,
      "Shared Dirtied Blocks": 0,
      "Shared Written Blocks": 0,
      "Local Hit Blocks": 0,
      "Local Read Blocks": 0,
      "Local Dirtied Blocks": 0,
      "Local Written Blocks": 0,
      "Temp Read Blocks": 0,
      "Temp Written Blocks": 0,
      "Plans": [
        {
          "Node Type": "Result",
          "Parent Relationship": "InitPlan",
          "Subplan Name": "CTE t0",
          "Parallel Aware": false,
          "Async Capable": false,
          "Startup Cost": 0.00,
          "Total Cost": 0.01,
          "Plan Rows": 1,
          "Plan Width": 4,
          "Actual Startup Time": 0.000,
          "Actual Total Time": 0.001,
          "Actual Rows": 1,
          "Actual Loops": 1,
          "Shared Hit Blocks": 0,
          "Shared Read Blocks": 0,
          "Shared Dirtied Blocks": 0,
          "Shared Written Blocks": 0,
          "Local Hit Blocks": 0,
          "Local Read Blocks": 0,
          "Local Dirtied Blocks": 0,
          "Local Written Blocks": 0,
          "Temp Read Blocks": 0,
          "Temp Written Blocks": 0
        },
        {
          "Node Type": "Recursive Union",
          "Parent Relationship": "InitPlan",
          "Subplan Name": "CTE t1",
          "Parallel Aware": false,
          "Async Capable": false,
          "Startup Cost": 0.00,
          "Total Cost": 3.15,
          "Plan Rows": 31,
          "Plan Width": 4,
          "Actual Startup Time": 0.003,
          "Actual Total Time": 0.775,
          "Actual Rows": 999,
          "Actual Loops": 1,
          "Shared Hit Blocks": 0,
          "Shared Read Blocks": 0,
          "Shared Dirtied Blocks": 0,
          "Shared Written Blocks": 0,
          "Local Hit Blocks": 0,
          "Local Read Blocks": 0,
          "Local Dirtied Blocks": 0,
          "Local Written Blocks": 0,
          "Temp Read Blocks": 0,
          "Temp Written Blocks": 0,
          "Plans": [
            {
              "Node Type": "Result",
              "Parent Relationship": "Outer",
              "Parallel Aware": false,
              "Async Capable": false,
              "Startup Cost": 0.00,
              "Total Cost": 0.01,
              "Plan Rows": 1,
              "Plan Width": 4,
              "Actual Startup Time": 0.002,
              "Actual Total Time": 0.002,
              "Actual Rows": 1,
              "Actual Loops": 1,
              "Shared Hit Blocks": 0,
              "Shared Read Blocks": 0,
              "Shared Dirtied Blocks": 0,
              "Shared Written Blocks": 0,
              "Local Hit Blocks": 0,
              "Local Read Blocks": 0,
              "Local Dirtied Blocks": 0,
              "Local Written Blocks": 0,
              "Temp Read Blocks": 0,
              "Temp Written Blocks": 0
            },
            {
              "Node Type": "WorkTable Scan",
              "Parent Relationship": "Inner",
              "Parallel Aware": false,
              "Async Capable": false,
              "CTE Name": "t1",
              "Alias": "t1_1",
              "Startup Cost": 0.02,
              "Total Cost": 0.25,
              "Plan Rows": 3,
              "Plan Width": 4,
              "Actual Startup Time": 0.000,
              "Actual Total Time": 0.000,
              "Actual Rows": 1,
              "Actual Loops": 999,
              "Filter": "(n < $2)",
              "Rows Removed by Filter": 0,
              "Shared Hit Blocks": 0,
              "Shared Read Blocks": 0,
              "Shared Dirtied Blocks": 0,
              "Shared Written Blocks": 0,
              "Local Hit Blocks": 0,
              "Local Read Blocks": 0,
              "Local Dirtied Blocks": 0,
              "Local Written Blocks": 0,
              "Temp Read Blocks": 0,
              "Temp Written Blocks": 0,
              "Plans": [
                {
                  "Node Type": "CTE Scan",
                  "Parent Relationship": "InitPlan",
                  "Subplan Name": "InitPlan 2 (returns $2)",
                  "Parallel Aware": false,
                  "Async Capable": false,
                  "CTE Name": "t0",
                  "Alias": "t0",
                  "Startup Cost": 0.00,
                  "Total Cost": 0.02,
                  "Plan Rows": 1,
                  "Plan Width": 4,
                  "Actual Startup Time": 0.001,
                  "Actual Total Time": 0.001,
                  "Actual Rows": 1,
                  "Actual Loops": 1,
                  "Shared Hit Blocks": 0,
                  "Shared Read Blocks": 0,
                  "Shared Dirtied Blocks": 0,
                  "Shared Written Blocks": 0,
                  "Local Hit Blocks": 0,
                  "Local Read Blocks": 0,
                  "Local Dirtied Blocks": 0,
                  "Local Written Blocks": 0,
                  "Temp Read Blocks": 0,
                  "Temp Written Blocks": 0
                }
              ]
            }
          ]
        },
        {
          "Node Type": "Recursive Union",
          "Parent Relationship": "InitPlan",
          "Subplan Name": "CTE t2",
          "Parallel Aware": false,
          "Async Capable": false,
          "Startup Cost": 0.02,
          "Total Cost": 423.72,
          "Plan Rows": 10240,
          "Plan Width": 8,
          "Actual Startup Time": 0.003,
          "Actual Total Time": 79.383,
          "Actual Rows": 29470,
          "Actual Loops": 1,
          "Shared Hit Blocks": 0,
          "Shared Read Blocks": 0,
          "Shared Dirtied Blocks": 0,
          "Shared Written Blocks": 0,
          "Local Hit Blocks": 0,
          "Local Read Blocks": 0,
          "Local Dirtied Blocks": 0,
          "Local Written Blocks": 0,
          "Temp Read Blocks": 0,
          "Temp Written Blocks": 0,
          "Plans": [
            {
              "Node Type": "CTE Scan",
              "Parent Relationship": "Outer",
              "Parallel Aware": false,
              "Async Capable": false,
              "CTE Name": "t1",
              "Alias": "t1_2",
              "Startup Cost": 0.02,
              "Total Cost": 0.82,
              "Plan Rows": 10,
              "Plan Width": 8,
              "Actual Startup Time": 0.003,
              "Actual Total Time": 0.134,
              "Actual Rows": 499,
              "Actual Loops": 1,
              "Filter": "((2 * n) <= $5)",
              "Rows Removed by Filter": 500,
              "Shared Hit Blocks": 0,
              "Shared Read Blocks": 0,
              "Shared Dirtied Blocks": 0,
              "Shared Written Blocks": 0,
              "Local Hit Blocks": 0,
              "Local Read Blocks": 0,
              "Local Dirtied Blocks": 0,
              "Local Written Blocks": 0,
              "Temp Read Blocks": 0,
              "Temp Written Blocks": 0,
              "Plans": [
                {
                  "Node Type": "CTE Scan",
                  "Parent Relationship": "InitPlan",
                  "Subplan Name": "InitPlan 4 (returns $5)",
                  "Parallel Aware": false,
                  "Async Capable": false,
                  "CTE Name": "t0",
                  "Alias": "t0_1",
                  "Startup Cost": 0.00,
                  "Total Cost": 0.02,
                  "Plan Rows": 1,
                  "Plan Width": 4,
                  "Actual Startup Time": 0.000,
                  "Actual Total Time": 0.001,
                  "Actual Rows": 1,
                  "Actual Loops": 1,
                  "Shared Hit Blocks": 0,
                  "Shared Read Blocks": 0,
                  "Shared Dirtied Blocks": 0,
                  "Shared Written Blocks": 0,
                  "Local Hit Blocks": 0,
                  "Local Read Blocks": 0,
                  "Local Dirtied Blocks": 0,
                  "Local Written Blocks": 0,
                  "Temp Read Blocks": 0,
                  "Temp Written Blocks": 0
                }
              ]
            },
            {
              "Node Type": "Nested Loop",
              "Parent Relationship": "Inner",
              "Parallel Aware": false,
              "Async Capable": false,
              "Join Type": "Inner",
              "Startup Cost": 5.10,
              "Total Cost": 21.81,
              "Plan Rows": 1023,
              "Plan Width": 8,
              "Actual Startup Time": 1.348,
              "Actual Total Time": 2.279,
              "Actual Rows": 966,
              "Actual Loops": 30,
              "Inner Unique": false,
              "Shared Hit Blocks": 0,
              "Shared Read Blocks": 0,
              "Shared Dirtied Blocks": 0,
              "Shared Written Blocks": 0,
              "Local Hit Blocks": 0,
              "Local Read Blocks": 0,
              "Local Dirtied Blocks": 0,
              "Local Written Blocks": 0,
              "Temp Read Blocks": 0,
              "Temp Written Blocks": 0,
              "Plans": [
                {
                  "Node Type": "CTE Scan",
                  "Parent Relationship": "InitPlan",
                  "Subplan Name": "InitPlan 5 (returns $6)",
                  "Parallel Aware": false,
                  "Async Capable": false,
                  "CTE Name": "t0",
                  "Alias": "t0_2",
                  "Startup Cost": 0.00,
                  "Total Cost": 0.02,
                  "Plan Rows": 1,
                  "Plan Width": 4,
                  "Actual Startup Time": 0.000,
                  "Actual Total Time": 0.001,
                  "Actual Rows": 1,
                  "Actual Loops": 1,
                  "Shared Hit Blocks": 0,
                  "Shared Read Blocks": 0,
                  "Shared Dirtied Blocks": 0,
                  "Shared Written Blocks": 0,
                  "Local Hit Blocks": 0,
                  "Local Read Blocks": 0,
                  "Local Dirtied Blocks": 0,
                  "Local Written Blocks": 0,
                  "Temp Read Blocks": 0,
                  "Temp Written Blocks": 0
                },
                {
                  "Node Type": "CTE Scan",
                  "Parent Relationship": "Outer",
                  "Parallel Aware": false,
                  "Async Capable": false,
                  "CTE Name": "t1",
                  "Alias": "t1_3",
                  "Startup Cost": 0.00,
                  "Total Cost": 0.62,
                  "Plan Rows": 31,
                  "Plan Width": 4,
                  "Actual Startup Time": 0.000,
                  "Actual Total Time": 0.179,
                  "Actual Rows": 999,
                  "Actual Loops": 30,
                  "Shared Hit Blocks": 0,
                  "Shared Read Blocks": 0,
                  "Shared Dirtied Blocks": 0,
                  "Shared Written Blocks": 0,
                  "Local Hit Blocks": 0,
                  "Local Read Blocks": 0,
                  "Local Dirtied Blocks": 0,
                  "Local Written Blocks": 0,
                  "Temp Read Blocks": 0,
                  "Temp Written Blocks": 0
                },
                {
                  "Node Type": "Materialize",
                  "Parent Relationship": "Inner",
                  "Parallel Aware": false,
                  "Async Capable": false,
                  "Startup Cost": 5.08,
                  "Total Cost": 5.91,
                  "Plan Rows": 33,
                  "Plan Width": 4,
                  "Actual Startup Time": 0.001,
                  "Actual Total Time": 0.002,
                  "Actual Rows": 1,
                  "Actual Loops": 29970,
                  "Shared Hit Blocks": 0,
                  "Shared Read Blocks": 0,
                  "Shared Dirtied Blocks": 0,
                  "Shared Written Blocks": 0,
                  "Local Hit Blocks": 0,
                  "Local Read Blocks": 0,
                  "Local Dirtied Blocks": 0,
                  "Local Written Blocks": 0,
                  "Temp Read Blocks": 0,
                  "Temp Written Blocks": 0,
                  "Plans": [
                    {
                      "Node Type": "Aggregate",
                      "Strategy": "Hashed",
                      "Partial Mode": "Simple",
                      "Parent Relationship": "Outer",
                      "Parallel Aware": false,
                      "Async Capable": false,
                      "Startup Cost": 5.08,
                      "Total Cost": 5.41,
                      "Plan Rows": 33,
                      "Plan Width": 4,
                      "Actual Startup Time": 1.305,
                      "Actual Total Time": 1.306,
                      "Actual Rows": 1,
                      "Actual Loops": 30,
                      "Group Key": ["t3.k"],
                      "Planned Partitions": 0,
                      "HashAgg Batches": 1,
                      "Peak Memory Usage": 24,
                      "Disk Usage": 0,
                      "Shared Hit Blocks": 0,
                      "Shared Read Blocks": 0,
                      "Shared Dirtied Blocks": 0,
                      "Shared Written Blocks": 0,
                      "Local Hit Blocks": 0,
                      "Local Read Blocks": 0,
                      "Local Dirtied Blocks": 0,
                      "Local Written Blocks": 0,
                      "Temp Read Blocks": 0,
                      "Temp Written Blocks": 0,
                      "Plans": [
                        {
                          "Node Type": "Subquery Scan",
                          "Parent Relationship": "Outer",
                          "Parallel Aware": false,
                          "Async Capable": false,
                          "Alias": "t3",
                          "Startup Cost": 0.00,
                          "Total Cost": 5.00,
                          "Plan Rows": 33,
                          "Plan Width": 4,
                          "Actual Startup Time": 0.578,
                          "Actual Total Time": 1.050,
                          "Actual Rows": 949,
                          "Actual Loops": 30,
                          "Filter": "((t3.k * t3.k) <= $6)",
                          "Rows Removed by Filter": 33,
                          "Shared Hit Blocks": 0,
                          "Shared Read Blocks": 0,
                          "Shared Dirtied Blocks": 0,
                          "Shared Written Blocks": 0,
                          "Local Hit Blocks": 0,
                          "Local Read Blocks": 0,
                          "Local Dirtied Blocks": 0,
                          "Local Written Blocks": 0,
                          "Temp Read Blocks": 0,
                          "Temp Written Blocks": 0,
                          "Plans": [
                            {
                              "Node Type": "WindowAgg",
                              "Parent Relationship": "Subquery",
                              "Parallel Aware": false,
                              "Async Capable": false,
                              "Startup Cost": 0.00,
                              "Total Cost": 3.50,
                              "Plan Rows": 100,
                              "Plan Width": 4,
                              "Actual Startup Time": 0.568,
                              "Actual Total Time": 0.800,
                              "Actual Rows": 982,
                              "Actual Loops": 30,
                              "Shared Hit Blocks": 0,
                              "Shared Read Blocks": 0,
                              "Shared Dirtied Blocks": 0,
                              "Shared Written Blocks": 0,
                              "Local Hit Blocks": 0,
                              "Local Read Blocks": 0,
                              "Local Dirtied Blocks": 0,
                              "Local Written Blocks": 0,
                              "Temp Read Blocks": 0,
                              "Temp Written Blocks": 0,
                              "Plans": [
                                {
                                  "Node Type": "WorkTable Scan",
                                  "Parent Relationship": "Outer",
                                  "Parallel Aware": false,
                                  "Async Capable": false,
                                  "CTE Name": "t2",
                                  "Alias": "t2_1",
                                  "Startup Cost": 0.00,
                                  "Total Cost": 2.00,
                                  "Plan Rows": 100,
                                  "Plan Width": 4,
                                  "Actual Startup Time": 0.001,
                                  "Actual Total Time": 0.213,
                                  "Actual Rows": 982,
                                  "Actual Loops": 30,
                                  "Shared Hit Blocks": 0,
                                  "Shared Read Blocks": 0,
                                  "Shared Dirtied Blocks": 0,
                                  "Shared Written Blocks": 0,
                                  "Local Hit Blocks": 0,
                                  "Local Read Blocks": 0,
                                  "Local Dirtied Blocks": 0,
                                  "Local Written Blocks": 0,
                                  "Temp Read Blocks": 0,
                                  "Temp Written Blocks": 0
                                }
                              ]
                            }
                          ]
                        }
                      ]
                    }
                  ]
                }
              ]
            }
          ]
        },
        {
          "Node Type": "SetOp",
          "Strategy": "Hashed",
          "Parent Relationship": "Outer",
          "Parallel Aware": false,
          "Async Capable": false,
          "Command": "Except",
          "Startup Cost": 0.00,
          "Total Cost": 385.16,
          "Plan Rows": 31,
          "Plan Width": 8,
          "Actual Startup Time": 127.618,
          "Actual Total Time": 127.672,
          "Actual Rows": 168,
          "Actual Loops": 1,
          "Shared Hit Blocks": 0,
          "Shared Read Blocks": 0,
          "Shared Dirtied Blocks": 0,
          "Shared Written Blocks": 0,
          "Local Hit Blocks": 0,
          "Local Read Blocks": 0,
          "Local Dirtied Blocks": 0,
          "Local Written Blocks": 0,
          "Temp Read Blocks": 0,
          "Temp Written Blocks": 0,
          "Plans": [
            {
              "Node Type": "Append",
              "Parent Relationship": "Outer",
              "Parallel Aware": false,
              "Async Capable": false,
              "Startup Cost": 0.00,
              "Total Cost": 359.49,
              "Plan Rows": 10271,
              "Plan Width": 8,
              "Actual Startup Time": 0.006,
              "Actual Total Time": 119.830,
              "Actual Rows": 30469,
              "Actual Loops": 1,
              "Shared Hit Blocks": 0,
              "Shared Read Blocks": 0,
              "Shared Dirtied Blocks": 0,
              "Shared Written Blocks": 0,
              "Local Hit Blocks": 0,
              "Local Read Blocks": 0,
              "Local Dirtied Blocks": 0,
              "Local Written Blocks": 0,
              "Temp Read Blocks": 0,
              "Temp Written Blocks": 0,
              "Subplans Removed": 0,
              "Plans": [
                {
                  "Node Type": "Subquery Scan",
                  "Parent Relationship": "Member",
                  "Parallel Aware": false,
                  "Async Capable": false,
                  "Alias": "*SELECT* 1",
                  "Startup Cost": 0.00,
                  "Total Cost": 0.93,
                  "Plan Rows": 31,
                  "Plan Width": 8,
                  "Actual Startup Time": 0.005,
                  "Actual Total Time": 1.219,
                  "Actual Rows": 999,
                  "Actual Loops": 1,
                  "Shared Hit Blocks": 0,
                  "Shared Read Blocks": 0,
                  "Shared Dirtied Blocks": 0,
                  "Shared Written Blocks": 0,
                  "Local Hit Blocks": 0,
                  "Local Read Blocks": 0,
                  "Local Dirtied Blocks": 0,
                  "Local Written Blocks": 0,
                  "Temp Read Blocks": 0,
                  "Temp Written Blocks": 0,
                  "Plans": [
                    {
                      "Node Type": "CTE Scan",
                      "Parent Relationship": "Subquery",
                      "Parallel Aware": false,
                      "Async Capable": false,
                      "CTE Name": "t1",
                      "Alias": "t1",
                      "Startup Cost": 0.00,
                      "Total Cost": 0.62,
                      "Plan Rows": 31,
                      "Plan Width": 4,
                      "Actual Startup Time": 0.004,
                      "Actual Total Time": 1.043,
                      "Actual Rows": 999,
                      "Actual Loops": 1,
                      "Shared Hit Blocks": 0,
                      "Shared Read Blocks": 0,
                      "Shared Dirtied Blocks": 0,
                      "Shared Written Blocks": 0,
                      "Local Hit Blocks": 0,
                      "Local Read Blocks": 0,
                      "Local Dirtied Blocks": 0,
                      "Local Written Blocks": 0,
                      "Temp Read Blocks": 0,
                      "Temp Written Blocks": 0
                    }
                  ]
                },
                {
                  "Node Type": "Subquery Scan",
                  "Parent Relationship": "Member",
                  "Parallel Aware": false,
                  "Async Capable": false,
                  "Alias": "*SELECT* 2",
                  "Startup Cost": 0.00,
                  "Total Cost": 307.20,
                  "Plan Rows": 10240,
                  "Plan Width": 8,
                  "Actual Startup Time": 0.004,
                  "Actual Total Time": 107.187,
                  "Actual Rows": 29470,
                  "Actual Loops": 1,
                  "Shared Hit Blocks": 0,
                  "Shared Read Blocks": 0,
                  "Shared Dirtied Blocks": 0,
                  "Shared Written Blocks": 0,
                  "Local Hit Blocks": 0,
                  "Local Read Blocks": 0,
                  "Local Dirtied Blocks": 0,
                  "Local Written Blocks": 0,
                  "Temp Read Blocks": 0,
                  "Temp Written Blocks": 0,
                  "Plans": [
                    {
                      "Node Type": "CTE Scan",
                      "Parent Relationship": "Subquery",
                      "Parallel Aware": false,
                      "Async Capable": false,
                      "CTE Name": "t2",
                      "Alias": "t2",
                      "Startup Cost": 0.00,
                      "Total Cost": 204.80,
                      "Plan Rows": 10240,
                      "Plan Width": 4,
                      "Actual Startup Time": 0.004,
                      "Actual Total Time": 101.099,
                      "Actual Rows": 29470,
                      "Actual Loops": 1,
                      "Shared Hit Blocks": 0,
                      "Shared Read Blocks": 0,
                      "Shared Dirtied Blocks": 0,
                      "Shared Written Blocks": 0,
                      "Local Hit Blocks": 0,
                      "Local Read Blocks": 0,
                      "Local Dirtied Blocks": 0,
                      "Local Written Blocks": 0,
                      "Temp Read Blocks": 0,
                      "Temp Written Blocks": 0
                    }
                  ]
                }
              ]
            }
          ]
        }
      ]
    },
    "Planning": {
      "Shared Hit Blocks": 0,
      "Shared Read Blocks": 0,
      "Shared Dirtied Blocks": 0,
      "Shared Written Blocks": 0,
      "Local Hit Blocks": 0,
      "Local Read Blocks": 0,
      "Local Dirtied Blocks": 0,
      "Local Written Blocks": 0,
      "Temp Read Blocks": 0,
      "Temp Written Blocks": 0
    },
    "Triggers": [
    ]
  }
]
