[
  {
    "Plan": {
      "Node Type": "Limit",
      "Parallel Aware": false,
      "Async Capable": false,
      "Startup Cost": 283.95,
      "Total Cost": 287.35,
      "Plan Rows": 1,
      "Plan Width": 372,
      "Actual Startup Time": 12051.859,
      "Actual Total Time": 12051.865,
      "Actual Rows": 1,
      "Actual Loops": 1,
      "Shared Hit Blocks": 0,
      "Shared Read Blocks": 0,
      "Shared Dirtied Blocks": 0,
      "Shared Written Blocks": 0,
      "Local Hit Blocks": 0,
      "Local Read Blocks": 0,
      "Local Dirtied Blocks": 0,
      "Local Written Blocks": 0,
      "Temp Read Blocks": 0,
      "Temp Written Blocks": 0,
      "Plans": [
        {
          "Node Type": "Recursive Union",
          "Parent Relationship": "InitPlan",
          "Subplan Name": "CTE board",
          "Parallel Aware": false,
          "Async Capable": false,
          "Startup Cost": 0.00,
          "Total Cost": 283.69,
          "Plan Rows": 11,
          "Plan Width": 332,
          "Actual Startup Time": 0.002,
          "Actual Total Time": 11913.593,
          "Actual Rows": 24723,
          "Actual Loops": 1,
          "Shared Hit Blocks": 0,
          "Shared Read Blocks": 0,
          "Shared Dirtied Blocks": 0,
          "Shared Written Blocks": 0,
          "Local Hit Blocks": 0,
          "Local Read Blocks": 0,
          "Local Dirtied Blocks": 0,
          "Local Written Blocks": 0,
          "Temp Read Blocks": 0,
          "Temp Written Blocks": 0,
          "Plans": [
            {
              "Node Type": "Result",
              "Parent Relationship": "Outer",
              "Parallel Aware": false,
              "Async Capable": false,
              "Startup Cost": 0.00,
              "Total Cost": 0.01,
              "Plan Rows": 1,
              "Plan Width": 332,
              "Actual Startup Time": 0.001,
              "Actual Total Time": 0.002,
              "Actual Rows": 1,
              "Actual Loops": 1,
              "Shared Hit Blocks": 0,
              "Shared Read Blocks": 0,
              "Shared Dirtied Blocks": 0,
              "Shared Written Blocks": 0,
              "Local Hit Blocks": 0,
              "Local Read Blocks": 0,
              "Local Dirtied Blocks": 0,
              "Local Written Blocks": 0,
              "Temp Read Blocks": 0,
              "Temp Written Blocks": 0
            },
            {
              "Node Type": "Nested Loop",
              "Parent Relationship": "Inner",
              "Parallel Aware": false,
              "Async Capable": false,
              "Join Type": "Inner",
              "Startup Cost": 0.00,
              "Total Cost": 28.35,
              "Plan Rows": 1,
              "Plan Width": 332,
              "Actual Startup Time": 0.419,
              "Actual Total Time": 212.130,
              "Actual Rows": 441,
              "Actual Loops": 56,
              "Inner Unique": false,
              "Join Filter": "((strpos(substr(((OVERLAY(board_1.b PLACING chr((n.n + 98)) FROM strpos((board_1.b)::text, '_'::text) FOR 1))::character(81))::text, (strpos((board_1.b)::text, '_'::text) + 1), (8 - ((strpos((board_1.b)::text, '_'::text) - 1) % 9))), chr((n.n + 98))) = 0) AND (strpos(substr(((OVERLAY(board_1.b PLACING chr((n.n + 98)) FROM strpos((board_1.b)::text, '_'::text) FOR 1))::character(81))::text, (1 + (((strpos((board_1.b)::text, '_'::text) - 1) / 9) * 9)), ((strpos((board_1.b)::text, '_'::text) - 1) % 9)), chr((n.n + 98))) = 0) AND (NOT (SubPlan 1)) AND (NOT (SubPlan 2)))",
              "Rows Removed by Join Filter": 3532,
              "Shared Hit Blocks": 0,
              "Shared Read Blocks": 0,
              "Shared Dirtied Blocks": 0,
              "Shared Written Blocks": 0,
              "Local Hit Blocks": 0,
              "Local Read Blocks": 0,
              "Local Dirtied Blocks": 0,
              "Local Written Blocks": 0,
              "Temp Read Blocks": 0,
              "Temp Written Blocks": 0,
              "Plans": [
                {
                  "Node Type": "WorkTable Scan",
                  "Parent Relationship": "Outer",
                  "Parallel Aware": false,
                  "Async Capable": false,
                  "CTE Name": "board",
                  "Alias": "board_1",
                  "Startup Cost": 0.00,
                  "Total Cost": 0.28,
                  "Plan Rows": 3,
                  "Plan Width": 328,
                  "Actual Startup Time": 0.002,
                  "Actual Total Time": 1.559,
                  "Actual Rows": 441,
                  "Actual Loops": 56,
                  "Filter": "(strpos((b)::text, '_'::text) > 0)",
                  "Rows Removed by Filter": 0,
                  "Shared Hit Blocks": 0,
                  "Shared Read Blocks": 0,
                  "Shared Dirtied Blocks": 0,
                  "Shared Written Blocks": 0,
                  "Local Hit Blocks": 0,
                  "Local Read Blocks": 0,
                  "Local Dirtied Blocks": 0,
                  "Local Written Blocks": 0,
                  "Temp Read Blocks": 0,
                  "Temp Written Blocks": 0
                },
                {
                  "Node Type": "Function Scan",
                  "Parent Relationship": "Inner",
                  "Parallel Aware": false,
                  "Async Capable": false,
                  "Function Name": "generate_series",
                  "Alias": "n",
                  "Startup Cost": 0.00,
                  "Total Cost": 0.09,
                  "Plan Rows": 9,
                  "Plan Width": 4,
                  "Actual Startup Time": 0.000,
                  "Actual Total Time": 0.002,
                  "Actual Rows": 9,
                  "Actual Loops": 24722,
                  "Shared Hit Blocks": 0,
                  "Shared Read Blocks": 0,
                  "Shared Dirtied Blocks": 0,
                  "Shared Written Blocks": 0,
                  "Local Hit Blocks": 0,
                  "Local Read Blocks": 0,
                  "Local Dirtied Blocks": 0,
                  "Local Written Blocks": 0,
                  "Temp Read Blocks": 0,
                  "Temp Written Blocks": 0
                },
                {
                  "Node Type": "Function Scan",
                  "Parent Relationship": "SubPlan",
                  "Subplan Name": "SubPlan 1",
                  "Parallel Aware": false,
                  "Async Capable": false,
                  "Function Name": "generate_series",
                  "Alias": "i",
                  "Startup Cost": 0.00,
                  "Total Cost": 0.64,
                  "Plan Rows": 8,
                  "Plan Width": 32,
                  "Actual Startup Time": 0.010,
                  "Actual Total Time": 0.054,
                  "Actual Rows": 6,
                  "Actual Loops": 76912,
                  "Filter": "(strpos((board_1.b)::text, '_'::text) <> ((1 + (i * 9)) + ((strpos((board_1.b)::text, '_'::text) - 1) % 9)))",
                  "Rows Removed by Filter": 1,
                  "Shared Hit Blocks": 0,
                  "Shared Read Blocks": 0,
                  "Shared Dirtied Blocks": 0,
                  "Shared Written Blocks": 0,
                  "Local Hit Blocks": 0,
                  "Local Read Blocks": 0,
                  "Local Dirtied Blocks": 0,
                  "Local Written Blocks": 0,
                  "Temp Read Blocks": 0,
                  "Temp Written Blocks": 0
                },
                {
                  "Node Type": "Function Scan",
                  "Parent Relationship": "SubPlan",
                  "Subplan Name": "SubPlan 2",
                  "Parallel Aware": false,
                  "Async Capable": false,
                  "Function Name": "generate_series",
                  "Alias": "i_1",
                  "Startup Cost": 0.00,
                  "Total Cost": 1.11,
                  "Plan Rows": 8,
                  "Plan Width": 32,
                  "Actual Startup Time": 0.015,
                  "Actual Total Time": 0.101,
                  "Actual Rows": 7,
                  "Actual Loops": 30421,
                  "Filter": "(strpos((board_1.b)::text, '_'::text) <> ((((1 + (i % 3)) + ((i / 3) * 9)) + (((strpos((board_1.b)::text, '_'::text) - 1) / 27) * 27)) + ((((strpos((board_1.b)::text, '_'::text) - 1) % 9) / 3) * 3)))",
                  "Rows Removed by Filter": 1,
                  "Shared Hit Blocks": 0,
                  "Shared Read Blocks": 0,
                  "Shared Dirtied Blocks": 0,
                  "Shared Written Blocks": 0,
                  "Local Hit Blocks": 0,
                  "Local Read Blocks": 0,
                  "Local Dirtied Blocks": 0,
                  "Local Written Blocks": 0,
                  "Temp Read Blocks": 0,
                  "Temp Written Blocks": 0
                }
              ]
            }
          ]
        },
        {
          "Node Type": "Aggregate",
          "Strategy": "Plain",
          "Partial Mode": "Simple",
          "Parent Relationship": "InitPlan",
          "Subplan Name": "InitPlan 6 (returns $10)",
          "Parallel Aware": false,
          "Async Capable": false,
          "Startup Cost": 0.25,
          "Total Cost": 0.26,
          "Plan Rows": 1,
          "Plan Width": 8,
          "Actual Startup Time": 24.780,
          "Actual Total Time": 24.780,
          "Actual Rows": 1,
          "Actual Loops": 1,
          "Shared Hit Blocks": 0,
          "Shared Read Blocks": 0,
          "Shared Dirtied Blocks": 0,
          "Shared Written Blocks": 0,
          "Local Hit Blocks": 0,
          "Local Read Blocks": 0,
          "Local Dirtied Blocks": 0,
          "Local Written Blocks": 0,
          "Temp Read Blocks": 0,
          "Temp Written Blocks": 0,
          "Plans": [
            {
              "Node Type": "CTE Scan",
              "Parent Relationship": "Outer",
              "Parallel Aware": false,
              "Async Capable": false,
              "CTE Name": "board",
              "Alias": "board_2",
              "Startup Cost": 0.00,
              "Total Cost": 0.22,
              "Plan Rows": 11,
              "Plan Width": 0,
              "Actual Startup Time": 0.001,
              "Actual Total Time": 21.783,
              "Actual Rows": 24723,
              "Actual Loops": 1,
              "Shared Hit Blocks": 0,
              "Shared Read Blocks": 0,
              "Shared Dirtied Blocks": 0,
              "Shared Written Blocks": 0,
              "Local Hit Blocks": 0,
              "Local Read Blocks": 0,
              "Local Dirtied Blocks": 0,
              "Local Written Blocks": 0,
              "Temp Read Blocks": 0,
              "Temp Written Blocks": 0
            }
          ]
        },
        {
          "Node Type": "CTE Scan",
          "Parent Relationship": "Outer",
          "Parallel Aware": false,
          "Async Capable": false,
          "CTE Name": "board",
          "Alias": "board",
          "Startup Cost": 0.00,
          "Total Cost": 3.40,
          "Plan Rows": 1,
          "Plan Width": 372,
          "Actual Startup Time": 12051.858,
          "Actual Total Time": 12051.861,
          "Actual Rows": 1,
          "Actual Loops": 1,
          "Filter": "(strpos((b)::text, '_'::text) = 0)",
          "Rows Removed by Filter": 24722,
          "Shared Hit Blocks": 0,
          "Shared Read Blocks": 0,
          "Shared Dirtied Blocks": 0,
          "Shared Written Blocks": 0,
          "Local Hit Blocks": 0,
          "Local Read Blocks": 0,
          "Local Dirtied Blocks": 0,
          "Local Written Blocks": 0,
          "Temp Read Blocks": 0,
          "Temp Written Blocks": 0,
          "Plans": [
            {
              "Node Type": "Aggregate",
              "Strategy": "Plain",
              "Partial Mode": "Simple",
              "Parent Relationship": "SubPlan",
              "Subplan Name": "SubPlan 5",
              "Parallel Aware": false,
              "Async Capable": false,
              "Startup Cost": 3.09,
              "Total Cost": 3.10,
              "Plan Rows": 1,
              "Plan Width": 32,
              "Actual Startup Time": 0.209,
              "Actual Total Time": 0.210,
              "Actual Rows": 1,
              "Actual Loops": 1,
              "Shared Hit Blocks": 0,
              "Shared Read Blocks": 0,
              "Shared Dirtied Blocks": 0,
              "Shared Written Blocks": 0,
              "Local Hit Blocks": 0,
              "Local Read Blocks": 0,
              "Local Dirtied Blocks": 0,
              "Local Written Blocks": 0,
              "Temp Read Blocks": 0,
              "Temp Written Blocks": 0,
              "Plans": [
                {
                  "Node Type": "Function Scan",
                  "Parent Relationship": "Outer",
                  "Parallel Aware": false,
                  "Async Capable": false,
                  "Function Name": "generate_series",
                  "Alias": "y",
                  "Startup Cost": 0.00,
                  "Total Cost": 0.09,
                  "Plan Rows": 9,
                  "Plan Width": 4,
                  "Actual Startup Time": 0.010,
                  "Actual Total Time": 0.012,
                  "Actual Rows": 9,
                  "Actual Loops": 1,
                  "Shared Hit Blocks": 0,
                  "Shared Read Blocks": 0,
                  "Shared Dirtied Blocks": 0,
                  "Shared Written Blocks": 0,
                  "Local Hit Blocks": 0,
                  "Local Read Blocks": 0,
                  "Local Dirtied Blocks": 0,
                  "Local Written Blocks": 0,
                  "Temp Read Blocks": 0,
                  "Temp Written Blocks": 0
                },
                {
                  "Node Type": "Aggregate",
                  "Strategy": "Plain",
                  "Partial Mode": "Simple",
                  "Parent Relationship": "SubPlan",
                  "Subplan Name": "SubPlan 4",
                  "Parallel Aware": false,
                  "Async Capable": false,
                  "Startup Cost": 0.32,
                  "Total Cost": 0.33,
                  "Plan Rows": 1,
                  "Plan Width": 32,
                  "Actual Startup Time": 0.020,
                  "Actual Total Time": 0.020,
                  "Actual Rows": 1,
                  "Actual Loops": 9,
                  "Shared Hit Blocks": 0,
                  "Shared Read Blocks": 0,
                  "Shared Dirtied Blocks": 0,
                  "Shared Written Blocks": 0,
                  "Local Hit Blocks": 0,
                  "Local Read Blocks": 0,
                  "Local Dirtied Blocks": 0,
                  "Local Written Blocks": 0,
                  "Temp Read Blocks": 0,
                  "Temp Written Blocks": 0,
                  "Plans": [
                    {
                      "Node Type": "Function Scan",
                      "Parent Relationship": "Outer",
                      "Parallel Aware": false,
                      "Async Capable": false,
                      "Function Name": "generate_series",
                      "Alias": "x",
                      "Startup Cost": 0.00,
                      "Total Cost": 0.09,
                      "Plan Rows": 9,
                      "Plan Width": 4,
                      "Actual Startup Time": 0.002,
                      "Actual Total Time": 0.003,
                      "Actual Rows": 9,
                      "Actual Loops": 9,
                      "Shared Hit Blocks": 0,
                      "Shared Read Blocks": 0,
                      "Shared Dirtied Blocks": 0,
                      "Shared Written Blocks": 0,
                      "Local Hit Blocks": 0,
                      "Local Read Blocks": 0,
                      "Local Dirtied Blocks": 0,
                      "Local Written Blocks": 0,
                      "Temp Read Blocks": 0,
                      "Temp Written Blocks": 0
                    }
                  ]
                }
              ]
            }
          ]
        }
      ]
    },
    "Planning": {
      "Shared Hit Blocks": 6,
      "Shared Read Blocks": 0,
      "Shared Dirtied Blocks": 0,
      "Shared Written Blocks": 0,
      "Local Hit Blocks": 0,
      "Local Read Blocks": 0,
      "Local Dirtied Blocks": 0,
      "Local Written Blocks": 0,
      "Temp Read Blocks": 0,
      "Temp Written Blocks": 0
    },
    "Triggers": [
    ]
  }
]
