[
  {
    "Plan": {
      "Node Type": "Nested Loop",
      "Parallel Aware": false,
      "Async Capable": false,
      "Join Type": "Left",
      "Startup Cost": 58.86,
      "Total Cost": 272.63,
      "Plan Rows": 117,
      "Plan Width": 156,
      "Actual Startup Time": 1.894,
      "Actual Total Time": 4.046,
      "Actual Rows": 156,
      "Actual Loops": 1,
      "Inner Unique": true,
      "Shared Hit Blocks": 1012,
      "Shared Read Blocks": 0,
      "Shared Dirtied Blocks": 0,
      "Shared Written Blocks": 0,
      "Local Hit Blocks": 0,
      "Local Read Blocks": 0,
      "Local Dirtied Blocks": 0,
      "Local Written Blocks": 0,
      "Temp Read Blocks": 0,
      "Temp Written Blocks": 0,
      "Plans": [
        {
          "Node Type": "Nested Loop",
          "Parent Relationship": "Outer",
          "Parallel Aware": false,
          "Async Capable": false,
          "Join Type": "Inner",
          "Startup Cost": 58.72,
          "Total Cost": 269.42,
          "Plan Rows": 117,
          "Plan Width": 128,
          "Actual Startup Time": 1.865,
          "Actual Total Time": 3.888,
          "Actual Rows": 156,
          "Actual Loops": 1,
          "Inner Unique": true,
          "Shared Hit Blocks": 1008,
          "Shared Read Blocks": 0,
          "Shared Dirtied Blocks": 0,
          "Shared Written Blocks": 0,
          "Local Hit Blocks": 0,
          "Local Read Blocks": 0,
          "Local Dirtied Blocks": 0,
          "Local Written Blocks": 0,
          "Temp Read Blocks": 0,
          "Temp Written Blocks": 0,
          "Plans": [
            {
              "Node Type": "Nested Loop",
              "Parent Relationship": "Outer",
              "Parallel Aware": false,
              "Async Capable": false,
              "Join Type": "Left",
              "Startup Cost": 58.57,
              "Total Cost": 265.26,
              "Plan Rows": 117,
              "Plan Width": 100,
              "Actual Startup Time": 1.845,
              "Actual Total Time": 3.712,
              "Actual Rows": 156,
              "Actual Loops": 1,
              "Inner Unique": false,
              "Shared Hit Blocks": 1000,
              "Shared Read Blocks": 0,
              "Shared Dirtied Blocks": 0,
              "Shared Written Blocks": 0,
              "Local Hit Blocks": 0,
              "Local Read Blocks": 0,
              "Local Dirtied Blocks": 0,
              "Local Written Blocks": 0,
              "Temp Read Blocks": 0,
              "Temp Written Blocks": 0,
              "Plans": [
                {
                  "Node Type": "Nested Loop",
                  "Parent Relationship": "Outer",
                  "Parallel Aware": false,
                  "Async Capable": false,
                  "Join Type": "Left",
                  "Startup Cost": 58.28,
                  "Total Cost": 222.12,
                  "Plan Rows": 117,
                  "Plan Width": 84,
                  "Actual Startup Time": 1.805,
                  "Actual Total Time": 2.970,
                  "Actual Rows": 156,
                  "Actual Loops": 1,
                  "Inner Unique": false,
                  "Shared Hit Blocks": 532,
                  "Shared Read Blocks": 0,
                  "Shared Dirtied Blocks": 0,
                  "Shared Written Blocks": 0,
                  "Local Hit Blocks": 0,
                  "Local Read Blocks": 0,
                  "Local Dirtied Blocks": 0,
                  "Local Written Blocks": 0,
                  "Temp Read Blocks": 0,
                  "Temp Written Blocks": 0,
                  "Plans": [
                    {
                      "Node Type": "Merge Join",
                      "Parent Relationship": "Outer",
                      "Parallel Aware": false,
                      "Async Capable": false,
                      "Join Type": "Inner",
                      "Startup Cost": 57.99,
                      "Total Cost": 178.61,
                      "Plan Rows": 117,
                      "Plan Width": 56,
                      "Actual Startup Time": 1.766,
                      "Actual Total Time": 2.429,
                      "Actual Rows": 156,
                      "Actual Loops": 1,
                      "Inner Unique": false,
                      "Merge Cond": "(p.businessentityid = bec.personid)",
                      "Shared Hit Blocks": 64,
                      "Shared Read Blocks": 0,
                      "Shared Dirtied Blocks": 0,
                      "Shared Written Blocks": 0,
                      "Local Hit Blocks": 0,
                      "Local Read Blocks": 0,
                      "Local Dirtied Blocks": 0,
                      "Local Written Blocks": 0,
                      "Temp Read Blocks": 0,
                      "Temp Written Blocks": 0,
                      "Plans": [
                        {
                          "Node Type": "Index Scan",
                          "Parent Relationship": "Outer",
                          "Parallel Aware": false,
                          "Async Capable": false,
                          "Scan Direction": "Forward",
                          "Index Name": "PK_Person_BusinessEntityID",
                          "Relation Name": "person",
                          "Alias": "p",
                          "Startup Cost": 0.29,
                          "Total Cost": 2261.87,
                          "Plan Rows": 19972,
                          "Plan Width": 29,
                          "Actual Startup Time": 0.012,
                          "Actual Total Time": 1.151,
                          "Actual Rows": 1286,
                          "Actual Loops": 1,
                          "Shared Hit Blocks": 54,
                          "Shared Read Blocks": 0,
                          "Shared Dirtied Blocks": 0,
                          "Shared Written Blocks": 0,
                          "Local Hit Blocks": 0,
                          "Local Read Blocks": 0,
                          "Local Dirtied Blocks": 0,
                          "Local Written Blocks": 0,
                          "Temp Read Blocks": 0,
                          "Temp Written Blocks": 0
                        },
                        {
                          "Node Type": "Sort",
                          "Parent Relationship": "Inner",
                          "Parallel Aware": false,
                          "Async Capable": false,
                          "Startup Cost": 27.85,
                          "Total Cost": 28.14,
                          "Plan Rows": 117,
                          "Plan Width": 31,
                          "Actual Startup Time": 0.949,
                          "Actual Total Time": 0.981,
                          "Actual Rows": 156,
                          "Actual Loops": 1,
                          "Sort Key": ["bec.personid"],
                          "Sort Method": "quicksort",
                          "Sort Space Used": 37,
                          "Sort Space Type": "Memory",
                          "Shared Hit Blocks": 10,
                          "Shared Read Blocks": 0,
                          "Shared Dirtied Blocks": 0,
                          "Shared Written Blocks": 0,
                          "Local Hit Blocks": 0,
                          "Local Read Blocks": 0,
                          "Local Dirtied Blocks": 0,
                          "Local Written Blocks": 0,
                          "Temp Read Blocks": 0,
                          "Temp Written Blocks": 0,
                          "Plans": [
                            {
                              "Node Type": "Hash Join",
                              "Parent Relationship": "Outer",
                              "Parallel Aware": false,
                              "Async Capable": false,
                              "Join Type": "Inner",
                              "Startup Cost": 4.34,
                              "Total Cost": 23.83,
                              "Plan Rows": 117,
                              "Plan Width": 31,
                              "Actual Startup Time": 0.750,
                              "Actual Total Time": 0.865,
                              "Actual Rows": 156,
                              "Actual Loops": 1,
                              "Inner Unique": true,
                              "Hash Cond": "(bec.businessentityid = v.businessentityid)",
                              "Shared Hit Blocks": 10,
                              "Shared Read Blocks": 0,
                              "Shared Dirtied Blocks": 0,
                              "Shared Written Blocks": 0,
                              "Local Hit Blocks": 0,
                              "Local Read Blocks": 0,
                              "Local Dirtied Blocks": 0,
                              "Local Written Blocks": 0,
                              "Temp Read Blocks": 0,
                              "Temp Written Blocks": 0,
                              "Plans": [
                                {
                                  "Node Type": "Seq Scan",
                                  "Parent Relationship": "Outer",
                                  "Parallel Aware": false,
                                  "Async Capable": false,
                                  "Relation Name": "businessentitycontact",
                                  "Alias": "bec",
                                  "Startup Cost": 0.00,
                                  "Total Cost": 17.09,
                                  "Plan Rows": 909,
                                  "Plan Width": 12,
                                  "Actual Startup Time": 0.387,
                                  "Actual Total Time": 0.595,
                                  "Actual Rows": 909,
                                  "Actual Loops": 1,
                                  "Shared Hit Blocks": 8,
                                  "Shared Read Blocks": 0,
                                  "Shared Dirtied Blocks": 0,
                                  "Shared Written Blocks": 0,
                                  "Local Hit Blocks": 0,
                                  "Local Read Blocks": 0,
                                  "Local Dirtied Blocks": 0,
                                  "Local Written Blocks": 0,
                                  "Temp Read Blocks": 0,
                                  "Temp Written Blocks": 0
                                },
                                {
                                  "Node Type": "Hash",
                                  "Parent Relationship": "Inner",
                                  "Parallel Aware": false,
                                  "Async Capable": false,
                                  "Startup Cost": 3.04,
                                  "Total Cost": 3.04,
                                  "Plan Rows": 104,
                                  "Plan Width": 23,
                                  "Actual Startup Time": 0.084,
                                  "Actual Total Time": 0.086,
                                  "Actual Rows": 104,
                                  "Actual Loops": 1,
                                  "Hash Buckets": 1024,
                                  "Original Hash Buckets": 1024,
                                  "Hash Batches": 1,
                                  "Original Hash Batches": 1,
                                  "Peak Memory Usage": 14,
                                  "Shared Hit Blocks": 2,
                                  "Shared Read Blocks": 0,
                                  "Shared Dirtied Blocks": 0,
                                  "Shared Written Blocks": 0,
                                  "Local Hit Blocks": 0,
                                  "Local Read Blocks": 0,
                                  "Local Dirtied Blocks": 0,
                                  "Local Written Blocks": 0,
                                  "Temp Read Blocks": 0,
                                  "Temp Written Blocks": 0,
                                  "Plans": [
                                    {
                                      "Node Type": "Seq Scan",
                                      "Parent Relationship": "Outer",
                                      "Parallel Aware": false,
                                      "Async Capable": false,
                                      "Relation Name": "vendor",
                                      "Alias": "v",
                                      "Startup Cost": 0.00,
                                      "Total Cost": 3.04,
                                      "Plan Rows": 104,
                                      "Plan Width": 23,
                                      "Actual Startup Time": 0.040,
                                      "Actual Total Time": 0.058,
                                      "Actual Rows": 104,
                                      "Actual Loops": 1,
                                      "Shared Hit Blocks": 2,
                                      "Shared Read Blocks": 0,
                                      "Shared Dirtied Blocks": 0,
                                      "Shared Written Blocks": 0,
                                      "Local Hit Blocks": 0,
                                      "Local Read Blocks": 0,
                                      "Local Dirtied Blocks": 0,
                                      "Local Written Blocks": 0,
                                      "Temp Read Blocks": 0,
                                      "Temp Written Blocks": 0
                                    }
                                  ]
                                }
                              ]
                            }
                          ]
                        }
                      ]
                    },
                    {
                      "Node Type": "Index Scan",
                      "Parent Relationship": "Inner",
                      "Parallel Aware": false,
                      "Async Capable": false,
                      "Scan Direction": "Forward",
                      "Index Name": "PK_EmailAddress_BusinessEntityID_EmailAddressID",
                      "Relation Name": "emailaddress",
                      "Alias": "ea",
                      "Startup Cost": 0.29,
                      "Total Cost": 0.36,
                      "Plan Rows": 1,
                      "Plan Width": 32,
                      "Actual Startup Time": 0.002,
                      "Actual Total Time": 0.003,
                      "Actual Rows": 1,
                      "Actual Loops": 156,
                      "Index Cond": "(businessentityid = p.businessentityid)",
                      "Rows Removed by Index Recheck": 0,
                      "Shared Hit Blocks": 468,
                      "Shared Read Blocks": 0,
                      "Shared Dirtied Blocks": 0,
                      "Shared Written Blocks": 0,
                      "Local Hit Blocks": 0,
                      "Local Read Blocks": 0,
                      "Local Dirtied Blocks": 0,
                      "Local Written Blocks": 0,
                      "Temp Read Blocks": 0,
                      "Temp Written Blocks": 0
                    }
                  ]
                },
                {
                  "Node Type": "Index Only Scan",
                  "Parent Relationship": "Inner",
                  "Parallel Aware": false,
                  "Async Capable": false,
                  "Scan Direction": "Forward",
                  "Index Name": "PK_PersonPhone_BusinessEntityID_PhoneNumber_PhoneNumberTypeID",
                  "Relation Name": "personphone",
                  "Alias": "pp",
                  "Startup Cost": 0.29,
                  "Total Cost": 0.36,
                  "Plan Rows": 1,
                  "Plan Width": 24,
                  "Actual Startup Time": 0.003,
                  "Actual Total Time": 0.003,
                  "Actual Rows": 1,
                  "Actual Loops": 156,
                  "Index Cond": "(businessentityid = p.businessentityid)",
                  "Rows Removed by Index Recheck": 0,
                  "Heap Fetches": 156,
                  "Shared Hit Blocks": 468,
                  "Shared Read Blocks": 0,
                  "Shared Dirtied Blocks": 0,
                  "Shared Written Blocks": 0,
                  "Local Hit Blocks": 0,
                  "Local Read Blocks": 0,
                  "Local Dirtied Blocks": 0,
                  "Local Written Blocks": 0,
                  "Temp Read Blocks": 0,
                  "Temp Written Blocks": 0
                }
              ]
            },
            {
              "Node Type": "Memoize",
              "Parent Relationship": "Inner",
              "Parallel Aware": false,
              "Async Capable": false,
              "Startup Cost": 0.15,
              "Total Cost": 0.18,
              "Plan Rows": 1,
              "Plan Width": 36,
              "Actual Startup Time": 0.000,
              "Actual Total Time": 0.000,
              "Actual Rows": 1,
              "Actual Loops": 156,
              "Cache Key": "bec.contacttypeid",
              "Cache Mode": "logical",
              "Cache Hits": 152,
              "Cache Misses": 4,
              "Cache Evictions": 0,
              "Cache Overflows": 0,
              "Peak Memory Usage": 1,
              "Shared Hit Blocks": 8,
              "Shared Read Blocks": 0,
              "Shared Dirtied Blocks": 0,
              "Shared Written Blocks": 0,
              "Local Hit Blocks": 0,
              "Local Read Blocks": 0,
              "Local Dirtied Blocks": 0,
              "Local Written Blocks": 0,
              "Temp Read Blocks": 0,
              "Temp Written Blocks": 0,
              "Plans": [
                {
                  "Node Type": "Index Scan",
                  "Parent Relationship": "Outer",
                  "Parallel Aware": false,
                  "Async Capable": false,
                  "Scan Direction": "Forward",
                  "Index Name": "PK_ContactType_ContactTypeID",
                  "Relation Name": "contacttype",
                  "Alias": "ct",
                  "Startup Cost": 0.14,
                  "Total Cost": 0.17,
                  "Plan Rows": 1,
                  "Plan Width": 36,
                  "Actual Startup Time": 0.005,
                  "Actual Total Time": 0.005,
                  "Actual Rows": 1,
                  "Actual Loops": 4,
                  "Index Cond": "(contacttypeid = bec.contacttypeid)",
                  "Rows Removed by Index Recheck": 0,
                  "Shared Hit Blocks": 8,
                  "Shared Read Blocks": 0,
                  "Shared Dirtied Blocks": 0,
                  "Shared Written Blocks": 0,
                  "Local Hit Blocks": 0,
                  "Local Read Blocks": 0,
                  "Local Dirtied Blocks": 0,
                  "Local Written Blocks": 0,
                  "Temp Read Blocks": 0,
                  "Temp Written Blocks": 0
                }
              ]
            }
          ]
        },
        {
          "Node Type": "Memoize",
          "Parent Relationship": "Inner",
          "Parallel Aware": false,
          "Async Capable": false,
          "Startup Cost": 0.14,
          "Total Cost": 0.16,
          "Plan Rows": 1,
          "Plan Width": 36,
          "Actual Startup Time": 0.000,
          "Actual Total Time": 0.000,
          "Actual Rows": 1,
          "Actual Loops": 156,
          "Cache Key": "pp.phonenumbertypeid",
          "Cache Mode": "logical",
          "Cache Hits": 154,
          "Cache Misses": 2,
          "Cache Evictions": 0,
          "Cache Overflows": 0,
          "Peak Memory Usage": 1,
          "Shared Hit Blocks": 4,
          "Shared Read Blocks": 0,
          "Shared Dirtied Blocks": 0,
          "Shared Written Blocks": 0,
          "Local Hit Blocks": 0,
          "Local Read Blocks": 0,
          "Local Dirtied Blocks": 0,
          "Local Written Blocks": 0,
          "Temp Read Blocks": 0,
          "Temp Written Blocks": 0,
          "Plans": [
            {
              "Node Type": "Index Scan",
              "Parent Relationship": "Outer",
              "Parallel Aware": false,
              "Async Capable": false,
              "Scan Direction": "Forward",
              "Index Name": "PK_PhoneNumberType_PhoneNumberTypeID",
              "Relation Name": "phonenumbertype",
              "Alias": "pnt",
              "Startup Cost": 0.13,
              "Total Cost": 0.15,
              "Plan Rows": 1,
              "Plan Width": 36,
              "Actual Startup Time": 0.013,
              "Actual Total Time": 0.013,
              "Actual Rows": 1,
              "Actual Loops": 2,
              "Index Cond": "(phonenumbertypeid = pp.phonenumbertypeid)",
              "Rows Removed by Index Recheck": 0,
              "Shared Hit Blocks": 4,
              "Shared Read Blocks": 0,
              "Shared Dirtied Blocks": 0,
              "Shared Written Blocks": 0,
              "Local Hit Blocks": 0,
              "Local Read Blocks": 0,
              "Local Dirtied Blocks": 0,
              "Local Written Blocks": 0,
              "Temp Read Blocks": 0,
              "Temp Written Blocks": 0
            }
          ]
        }
      ]
    },
    "Planning": {
      "Shared Hit Blocks": 345,
      "Shared Read Blocks": 0,
      "Shared Dirtied Blocks": 0,
      "Shared Written Blocks": 0,
      "Local Hit Blocks": 0,
      "Local Read Blocks": 0,
      "Local Dirtied Blocks": 0,
      "Local Written Blocks": 0,
      "Temp Read Blocks": 0,
      "Temp Written Blocks": 0
    },
    "Triggers": [
    ]
  }
]
